;  LST file generated by mikroListExporter - v.2.0 
; Date/Time: 16.05.2020 19:57:20
;----------------------------------------------

;Address Opcode 	ASM
0x0000	0x2BA9      	GOTO       937
_Delay_1us:
;__Lib_Delays.c,7 :: 		void Delay_1us() {
;__Lib_Delays.c,8 :: 		Delay_us(1);
0x0003	0x0000      	NOP
0x0004	0x0000      	NOP
;__Lib_Delays.c,9 :: 		}
L_end_Delay_1us:
0x0005	0x0008      	RETURN
; end of _Delay_1us
_Delay_5500us:
;__Lib_Delays.c,31 :: 		void Delay_5500us() {
;__Lib_Delays.c,32 :: 		Delay_us(5500);
0x0006	0x300F      	MOVLW      15
0x0007	0x1283      	BCF        STATUS, 5
0x0008	0x1303      	BCF        STATUS, 6
0x0009	0x00FC      	MOVWF      R12
0x000A	0x3047      	MOVLW      71
0x000B	0x00FD      	MOVWF      R13
L_Delay_5500us5:
0x000C	0x0BFD      	DECFSZ     R13, 1
0x000D	0x280C      	GOTO       L_Delay_5500us5
0x000E	0x0BFC      	DECFSZ     R12, 1
0x000F	0x280C      	GOTO       L_Delay_5500us5
0x0010	0x0000      	NOP
0x0011	0x0000      	NOP
;__Lib_Delays.c,33 :: 		}
L_end_Delay_5500us:
0x0012	0x0008      	RETURN
; end of _Delay_5500us
_Delay_50us:
;__Lib_Delays.c,19 :: 		void Delay_50us() {
;__Lib_Delays.c,20 :: 		Delay_us(50);
0x0013	0x3021      	MOVLW      33
0x0014	0x1283      	BCF        STATUS, 5
0x0015	0x1303      	BCF        STATUS, 6
0x0016	0x00FD      	MOVWF      R13
L_Delay_50us2:
0x0017	0x0BFD      	DECFSZ     R13, 1
0x0018	0x2817      	GOTO       L_Delay_50us2
;__Lib_Delays.c,21 :: 		}
L_end_Delay_50us:
0x0019	0x0008      	RETURN
; end of _Delay_50us
_Delay_10us:
;__Lib_Delays.c,11 :: 		void Delay_10us() {
;__Lib_Delays.c,12 :: 		Delay_us(10);
0x001A	0x3006      	MOVLW      6
0x001B	0x1283      	BCF        STATUS, 5
0x001C	0x1303      	BCF        STATUS, 6
0x001D	0x00FD      	MOVWF      R13
L_Delay_10us0:
0x001E	0x0BFD      	DECFSZ     R13, 1
0x001F	0x281E      	GOTO       L_Delay_10us0
0x0020	0x0000      	NOP
;__Lib_Delays.c,13 :: 		}
L_end_Delay_10us:
0x0021	0x0008      	RETURN
; end of _Delay_10us
_Lcd_Cmd:
;__Lib_Lcd.c,18 :: 		
;__Lib_Lcd.c,20 :: 		
0x0022	0x1683      	BSF        STATUS, 5
0x0023	0x1303      	BCF        STATUS, 6
0x0024	0x1BCE      	BTFSC      FARG_Lcd_Cmd_out_char, 7
0x0025	0x2829      	GOTO       L__Lcd_Cmd21
0x0026	0x1283      	BCF        STATUS, 5
0x0027	0x1388      	BCF        LCD_D7, BitPos(LCD_D7+0)
0x0028	0x282B      	GOTO       L__Lcd_Cmd22
L__Lcd_Cmd21:
0x0029	0x1283      	BCF        STATUS, 5
0x002A	0x1788      	BSF        LCD_D7, BitPos(LCD_D7+0)
L__Lcd_Cmd22:
;__Lib_Lcd.c,21 :: 		
0x002B	0x1683      	BSF        STATUS, 5
0x002C	0x1B4E      	BTFSC      FARG_Lcd_Cmd_out_char, 6
0x002D	0x2831      	GOTO       L__Lcd_Cmd23
0x002E	0x1283      	BCF        STATUS, 5
0x002F	0x1308      	BCF        LCD_D6, BitPos(LCD_D6+0)
0x0030	0x2833      	GOTO       L__Lcd_Cmd24
L__Lcd_Cmd23:
0x0031	0x1283      	BCF        STATUS, 5
0x0032	0x1708      	BSF        LCD_D6, BitPos(LCD_D6+0)
L__Lcd_Cmd24:
;__Lib_Lcd.c,22 :: 		
0x0033	0x1683      	BSF        STATUS, 5
0x0034	0x1ACE      	BTFSC      FARG_Lcd_Cmd_out_char, 5
0x0035	0x2839      	GOTO       L__Lcd_Cmd25
0x0036	0x1283      	BCF        STATUS, 5
0x0037	0x1288      	BCF        LCD_D5, BitPos(LCD_D5+0)
0x0038	0x283B      	GOTO       L__Lcd_Cmd26
L__Lcd_Cmd25:
0x0039	0x1283      	BCF        STATUS, 5
0x003A	0x1688      	BSF        LCD_D5, BitPos(LCD_D5+0)
L__Lcd_Cmd26:
;__Lib_Lcd.c,23 :: 		
0x003B	0x1683      	BSF        STATUS, 5
0x003C	0x1A4E      	BTFSC      FARG_Lcd_Cmd_out_char, 4
0x003D	0x2841      	GOTO       L__Lcd_Cmd27
0x003E	0x1283      	BCF        STATUS, 5
0x003F	0x1208      	BCF        LCD_D4, BitPos(LCD_D4+0)
0x0040	0x2843      	GOTO       L__Lcd_Cmd28
L__Lcd_Cmd27:
0x0041	0x1283      	BCF        STATUS, 5
0x0042	0x1608      	BSF        LCD_D4, BitPos(LCD_D4+0)
L__Lcd_Cmd28:
;__Lib_Lcd.c,25 :: 		
0x0043	0x186F      	BTFSC      __Lib_Lcd_cmd_status, BitPos(__Lib_Lcd_cmd_status+0)
0x0044	0x2847      	GOTO       L__Lcd_Cmd29
0x0045	0x1508      	BSF        LCD_RS, BitPos(LCD_RS+0)
0x0046	0x2848      	GOTO       L__Lcd_Cmd30
L__Lcd_Cmd29:
0x0047	0x1108      	BCF        LCD_RS, BitPos(LCD_RS+0)
L__Lcd_Cmd30:
;__Lib_Lcd.c,28 :: 		
0x0048	0x1588      	BSF        LCD_EN, BitPos(LCD_EN+0)
;__Lib_Lcd.c,29 :: 		
0x0049	0x2003      	CALL       _Delay_1us
;__Lib_Lcd.c,30 :: 		
0x004A	0x1188      	BCF        LCD_EN, BitPos(LCD_EN+0)
;__Lib_Lcd.c,33 :: 		
0x004B	0x1683      	BSF        STATUS, 5
0x004C	0x19CE      	BTFSC      FARG_Lcd_Cmd_out_char, 3
0x004D	0x2851      	GOTO       L__Lcd_Cmd31
0x004E	0x1283      	BCF        STATUS, 5
0x004F	0x1388      	BCF        LCD_D7, BitPos(LCD_D7+0)
0x0050	0x2853      	GOTO       L__Lcd_Cmd32
L__Lcd_Cmd31:
0x0051	0x1283      	BCF        STATUS, 5
0x0052	0x1788      	BSF        LCD_D7, BitPos(LCD_D7+0)
L__Lcd_Cmd32:
;__Lib_Lcd.c,34 :: 		
0x0053	0x1683      	BSF        STATUS, 5
0x0054	0x194E      	BTFSC      FARG_Lcd_Cmd_out_char, 2
0x0055	0x2859      	GOTO       L__Lcd_Cmd33
0x0056	0x1283      	BCF        STATUS, 5
0x0057	0x1308      	BCF        LCD_D6, BitPos(LCD_D6+0)
0x0058	0x285B      	GOTO       L__Lcd_Cmd34
L__Lcd_Cmd33:
0x0059	0x1283      	BCF        STATUS, 5
0x005A	0x1708      	BSF        LCD_D6, BitPos(LCD_D6+0)
L__Lcd_Cmd34:
;__Lib_Lcd.c,35 :: 		
0x005B	0x1683      	BSF        STATUS, 5
0x005C	0x18CE      	BTFSC      FARG_Lcd_Cmd_out_char, 1
0x005D	0x2861      	GOTO       L__Lcd_Cmd35
0x005E	0x1283      	BCF        STATUS, 5
0x005F	0x1288      	BCF        LCD_D5, BitPos(LCD_D5+0)
0x0060	0x2863      	GOTO       L__Lcd_Cmd36
L__Lcd_Cmd35:
0x0061	0x1283      	BCF        STATUS, 5
0x0062	0x1688      	BSF        LCD_D5, BitPos(LCD_D5+0)
L__Lcd_Cmd36:
;__Lib_Lcd.c,36 :: 		
0x0063	0x1683      	BSF        STATUS, 5
0x0064	0x184E      	BTFSC      FARG_Lcd_Cmd_out_char, 0
0x0065	0x2869      	GOTO       L__Lcd_Cmd37
0x0066	0x1283      	BCF        STATUS, 5
0x0067	0x1208      	BCF        LCD_D4, BitPos(LCD_D4+0)
0x0068	0x286B      	GOTO       L__Lcd_Cmd38
L__Lcd_Cmd37:
0x0069	0x1283      	BCF        STATUS, 5
0x006A	0x1608      	BSF        LCD_D4, BitPos(LCD_D4+0)
L__Lcd_Cmd38:
;__Lib_Lcd.c,38 :: 		
0x006B	0x186F      	BTFSC      __Lib_Lcd_cmd_status, BitPos(__Lib_Lcd_cmd_status+0)
0x006C	0x286F      	GOTO       L__Lcd_Cmd39
0x006D	0x1508      	BSF        LCD_RS, BitPos(LCD_RS+0)
0x006E	0x2870      	GOTO       L__Lcd_Cmd40
L__Lcd_Cmd39:
0x006F	0x1108      	BCF        LCD_RS, BitPos(LCD_RS+0)
L__Lcd_Cmd40:
;__Lib_Lcd.c,40 :: 		
0x0070	0x1588      	BSF        LCD_EN, BitPos(LCD_EN+0)
;__Lib_Lcd.c,41 :: 		
0x0071	0x2003      	CALL       _Delay_1us
;__Lib_Lcd.c,42 :: 		
0x0072	0x1188      	BCF        LCD_EN, BitPos(LCD_EN+0)
;__Lib_Lcd.c,44 :: 		
0x0073	0x1C6F      	BTFSS      __Lib_Lcd_cmd_status, BitPos(__Lib_Lcd_cmd_status+0)
0x0074	0x2877      	GOTO       L_Lcd_Cmd0
;__Lib_Lcd.c,45 :: 		
0x0075	0x2006      	CALL       _Delay_5500us
0x0076	0x2878      	GOTO       L_Lcd_Cmd1
L_Lcd_Cmd0:
;__Lib_Lcd.c,47 :: 		
0x0077	0x2013      	CALL       _Delay_50us
L_Lcd_Cmd1:
;__Lib_Lcd.c,48 :: 		
L_end_Lcd_Cmd:
0x0078	0x0008      	RETURN
; end of _Lcd_Cmd
_Keypad_Key_Press:
;__Lib_Keypad4x4.c,39 :: 		
;__Lib_Keypad4x4.c,43 :: 		
0x0079	0x1683      	BSF        STATUS, 5
0x007A	0x1303      	BCF        STATUS, 6
0x007B	0x01CE      	CLRF       Keypad_Key_Press_rslt_L0
;__Lib_Keypad4x4.c,44 :: 		
0x007C	0x01D0      	CLRF       Keypad_Key_Press_loc_L0
;__Lib_Keypad4x4.c,45 :: 		
0x007D	0x01D1      	CLRF       Keypad_Key_Press_rowcnt_L0
;__Lib_Keypad4x4.c,46 :: 		
0x007E	0x3010      	MOVLW      16
0x007F	0x00D2      	MOVWF      Keypad_Key_Press_shifter_L0
;__Lib_Keypad4x4.c,48 :: 		
L_Keypad_Key_Press0:
0x0080	0x3004      	MOVLW      4
0x0081	0x0251      	SUBWF      Keypad_Key_Press_rowcnt_L0, 0
0x0082	0x1803      	BTFSC      STATUS, 0
0x0083	0x28AE      	GOTO       L_Keypad_Key_Press1
;__Lib_Keypad4x4.c,50 :: 		
0x0084	0x30F0      	MOVLW      240
0x0085	0x1283      	BCF        STATUS, 5
0x0086	0x0086      	MOVWF      keypadPort
;__Lib_Keypad4x4.c,51 :: 		
0x0087	0x3080      	MOVLW      128
0x0088	0x00F0      	MOVWF      R0
0x0089	0x0870      	MOVF       R0, 0
0x008A	0x3E06      	ADDLW      keypadPort
0x008B	0x0084      	MOVWF      FSR
0x008C	0x1683      	BSF        STATUS, 5
0x008D	0x0952      	COMF       Keypad_Key_Press_shifter_L0, 0
0x008E	0x00F0      	MOVWF      R0
0x008F	0x0870      	MOVF       R0, 0
0x0090	0x0080      	MOVWF      INDF
;__Lib_Keypad4x4.c,55 :: 		
0x0091	0x2003      	CALL       _Delay_1us
;__Lib_Keypad4x4.c,56 :: 		
0x0092	0x2003      	CALL       _Delay_1us
;__Lib_Keypad4x4.c,57 :: 		
0x0093	0x300F      	MOVLW      15
0x0094	0x1283      	BCF        STATUS, 5
0x0095	0x0506      	ANDWF      keypadPort, 0
0x0096	0x00F0      	MOVWF      R0
0x0097	0x0870      	MOVF       R0, 0
0x0098	0x1683      	BSF        STATUS, 5
0x0099	0x00CF      	MOVWF      Keypad_Key_Press_kdata_L0
;__Lib_Keypad4x4.c,58 :: 		
0x009A	0x0870      	MOVF       R0, 0
0x009B	0x1903      	BTFSC      STATUS, 2
0x009C	0x28A8      	GOTO       L_Keypad_Key_Press2
;__Lib_Keypad4x4.c,60 :: 		
0x009D	0x0850      	MOVF       Keypad_Key_Press_loc_L0, 0
0x009E	0x00CE      	MOVWF      Keypad_Key_Press_rslt_L0
;__Lib_Keypad4x4.c,61 :: 		
L_Keypad_Key_Press3:
0x009F	0x084F      	MOVF       Keypad_Key_Press_kdata_L0, 0
0x00A0	0x1903      	BTFSC      STATUS, 2
0x00A1	0x28A6      	GOTO       L_Keypad_Key_Press4
;__Lib_Keypad4x4.c,62 :: 		
0x00A2	0x0CCF      	RRF        Keypad_Key_Press_kdata_L0, 1
0x00A3	0x13CF      	BCF        Keypad_Key_Press_kdata_L0, 7
;__Lib_Keypad4x4.c,63 :: 		
0x00A4	0x0ACE      	INCF       Keypad_Key_Press_rslt_L0, 1
;__Lib_Keypad4x4.c,64 :: 		
0x00A5	0x289F      	GOTO       L_Keypad_Key_Press3
L_Keypad_Key_Press4:
;__Lib_Keypad4x4.c,66 :: 		
0x00A6	0x3004      	MOVLW      4
0x00A7	0x00D1      	MOVWF      Keypad_Key_Press_rowcnt_L0
;__Lib_Keypad4x4.c,67 :: 		
L_Keypad_Key_Press2:
;__Lib_Keypad4x4.c,68 :: 		
0x00A8	0x0DD2      	RLF        Keypad_Key_Press_shifter_L0, 1
0x00A9	0x1052      	BCF        Keypad_Key_Press_shifter_L0, 0
;__Lib_Keypad4x4.c,69 :: 		
0x00AA	0x3004      	MOVLW      4
0x00AB	0x07D0      	ADDWF      Keypad_Key_Press_loc_L0, 1
;__Lib_Keypad4x4.c,70 :: 		
0x00AC	0x0AD1      	INCF       Keypad_Key_Press_rowcnt_L0, 1
;__Lib_Keypad4x4.c,71 :: 		
0x00AD	0x2880      	GOTO       L_Keypad_Key_Press0
L_Keypad_Key_Press1:
;__Lib_Keypad4x4.c,73 :: 		
0x00AE	0x084E      	MOVF       Keypad_Key_Press_rslt_L0, 0
0x00AF	0x00F0      	MOVWF      R0
;__Lib_Keypad4x4.c,74 :: 		
L_end_Keypad_Key_Press:
0x00B0	0x0008      	RETURN
; end of _Keypad_Key_Press
_Lcd_Chr:
;__Lib_Lcd.c,65 :: 		
;__Lib_Lcd.c,66 :: 		
0x00B1	0x28C3      	GOTO       L_Lcd_Chr4
;__Lib_Lcd.c,67 :: 		
L_Lcd_Chr6:
0x00B2	0x3080      	MOVLW      128
0x00B3	0x1683      	BSF        STATUS, 5
0x00B4	0x1303      	BCF        STATUS, 6
0x00B5	0x00CB      	MOVWF      FARG_Lcd_Chr_row
0x00B6	0x28D6      	GOTO       L_Lcd_Chr5
;__Lib_Lcd.c,68 :: 		
L_Lcd_Chr7:
0x00B7	0x30C0      	MOVLW      192
0x00B8	0x00CB      	MOVWF      FARG_Lcd_Chr_row
0x00B9	0x28D6      	GOTO       L_Lcd_Chr5
;__Lib_Lcd.c,69 :: 		
L_Lcd_Chr8:
0x00BA	0x3094      	MOVLW      148
0x00BB	0x00CB      	MOVWF      FARG_Lcd_Chr_row
0x00BC	0x28D6      	GOTO       L_Lcd_Chr5
;__Lib_Lcd.c,70 :: 		
L_Lcd_Chr9:
0x00BD	0x30D4      	MOVLW      212
0x00BE	0x00CB      	MOVWF      FARG_Lcd_Chr_row
0x00BF	0x28D6      	GOTO       L_Lcd_Chr5
;__Lib_Lcd.c,71 :: 		
L_Lcd_Chr10:
0x00C0	0x3080      	MOVLW      128
0x00C1	0x00CB      	MOVWF      FARG_Lcd_Chr_row
;__Lib_Lcd.c,72 :: 		
0x00C2	0x28D6      	GOTO       L_Lcd_Chr5
L_Lcd_Chr4:
0x00C3	0x1683      	BSF        STATUS, 5
0x00C4	0x1303      	BCF        STATUS, 6
0x00C5	0x084B      	MOVF       FARG_Lcd_Chr_row, 0
0x00C6	0x3A01      	XORLW      1
0x00C7	0x1903      	BTFSC      STATUS, 2
0x00C8	0x28B2      	GOTO       L_Lcd_Chr6
0x00C9	0x084B      	MOVF       FARG_Lcd_Chr_row, 0
0x00CA	0x3A02      	XORLW      2
0x00CB	0x1903      	BTFSC      STATUS, 2
0x00CC	0x28B7      	GOTO       L_Lcd_Chr7
0x00CD	0x084B      	MOVF       FARG_Lcd_Chr_row, 0
0x00CE	0x3A03      	XORLW      3
0x00CF	0x1903      	BTFSC      STATUS, 2
0x00D0	0x28BA      	GOTO       L_Lcd_Chr8
0x00D1	0x084B      	MOVF       FARG_Lcd_Chr_row, 0
0x00D2	0x3A04      	XORLW      4
0x00D3	0x1903      	BTFSC      STATUS, 2
0x00D4	0x28BD      	GOTO       L_Lcd_Chr9
0x00D5	0x28C0      	GOTO       L_Lcd_Chr10
L_Lcd_Chr5:
;__Lib_Lcd.c,74 :: 		
0x00D6	0x034C      	DECF       FARG_Lcd_Chr_column, 0
0x00D7	0x00F0      	MOVWF      R0
0x00D8	0x084B      	MOVF       FARG_Lcd_Chr_row, 0
0x00D9	0x07F0      	ADDWF      R0, 1
0x00DA	0x0870      	MOVF       R0, 0
0x00DB	0x00CB      	MOVWF      FARG_Lcd_Chr_row
;__Lib_Lcd.c,76 :: 		
0x00DC	0x1283      	BCF        STATUS, 5
0x00DD	0x146F      	BSF        __Lib_Lcd_cmd_status, BitPos(__Lib_Lcd_cmd_status+0)
;__Lib_Lcd.c,77 :: 		
0x00DE	0x0870      	MOVF       R0, 0
0x00DF	0x1683      	BSF        STATUS, 5
0x00E0	0x00CE      	MOVWF      FARG_Lcd_Cmd_out_char
0x00E1	0x2022      	CALL       _Lcd_Cmd
;__Lib_Lcd.c,79 :: 		
0x00E2	0x106F      	BCF        __Lib_Lcd_cmd_status, BitPos(__Lib_Lcd_cmd_status+0)
;__Lib_Lcd.c,80 :: 		
0x00E3	0x1683      	BSF        STATUS, 5
0x00E4	0x084D      	MOVF       FARG_Lcd_Chr_out_char, 0
0x00E5	0x00CE      	MOVWF      FARG_Lcd_Cmd_out_char
0x00E6	0x2022      	CALL       _Lcd_Cmd
;__Lib_Lcd.c,81 :: 		
0x00E7	0x146F      	BSF        __Lib_Lcd_cmd_status, BitPos(__Lib_Lcd_cmd_status+0)
;__Lib_Lcd.c,82 :: 		
L_end_Lcd_Chr:
0x00E8	0x0008      	RETURN
; end of _Lcd_Chr
_Keypad_Key_Click:
;__Lib_Keypad4x4.c,77 :: 		
;__Lib_Keypad4x4.c,81 :: 		
0x00E9	0x2079      	CALL       _Keypad_Key_Press
0x00EA	0x0870      	MOVF       R0, 0
0x00EB	0x00CB      	MOVWF      Keypad_Key_Click_rslt_L0
;__Lib_Keypad4x4.c,83 :: 		
L_Keypad_Key_Click5:
0x00EC	0x300F      	MOVLW      15
0x00ED	0x1283      	BCF        STATUS, 5
0x00EE	0x0506      	ANDWF      keypadPort, 0
0x00EF	0x00F0      	MOVWF      R0
0x00F0	0x1903      	BTFSC      STATUS, 2
0x00F1	0x28F4      	GOTO       L_Keypad_Key_Click6
;__Lib_Keypad4x4.c,84 :: 		
0x00F2	0x201A      	CALL       _Delay_10us
0x00F3	0x28EC      	GOTO       L_Keypad_Key_Click5
L_Keypad_Key_Click6:
;__Lib_Keypad4x4.c,86 :: 		
0x00F4	0x1683      	BSF        STATUS, 5
0x00F5	0x084B      	MOVF       Keypad_Key_Click_rslt_L0, 0
0x00F6	0x00F0      	MOVWF      R0
;__Lib_Keypad4x4.c,87 :: 		
L_end_Keypad_Key_Click:
0x00F7	0x0008      	RETURN
; end of _Keypad_Key_Click
_Lcd_Chr_CP:
;__Lib_Lcd.c,50 :: 		
;__Lib_Lcd.c,52 :: 		
0x00F8	0x1283      	BCF        STATUS, 5
0x00F9	0x1303      	BCF        STATUS, 6
0x00FA	0x106F      	BCF        __Lib_Lcd_cmd_status, BitPos(__Lib_Lcd_cmd_status+0)
;__Lib_Lcd.c,53 :: 		
0x00FB	0x1683      	BSF        STATUS, 5
0x00FC	0x084B      	MOVF       FARG_Lcd_Chr_CP_out_char, 0
0x00FD	0x00CE      	MOVWF      FARG_Lcd_Cmd_out_char
0x00FE	0x2022      	CALL       _Lcd_Cmd
;__Lib_Lcd.c,54 :: 		
0x00FF	0x146F      	BSF        __Lib_Lcd_cmd_status, BitPos(__Lib_Lcd_cmd_status+0)
;__Lib_Lcd.c,55 :: 		
L_end_Lcd_Chr_CP:
0x0100	0x0008      	RETURN
; end of _Lcd_Chr_CP
_EEPROM_Write:
;__Lib_EEPROM.c,16 :: 		
;__Lib_EEPROM.c,20 :: 		
L_EEPROM_Write0:
0x0101	0x1683      	BSF        STATUS, 5
0x0102	0x1703      	BSF        STATUS, 6
0x0103	0x1C8C      	BTFSS      EECON1, 1
0x0104	0x2907      	GOTO       L_EEPROM_Write1
0x0105	0x0000      	NOP
0x0106	0x2901      	GOTO       L_EEPROM_Write0
L_EEPROM_Write1:
;__Lib_EEPROM.c,21 :: 		
0x0107	0x1303      	BCF        STATUS, 6
0x0108	0x084B      	MOVF       FARG_EEPROM_Write_Address, 0
0x0109	0x1283      	BCF        STATUS, 5
0x010A	0x1703      	BSF        STATUS, 6
0x010B	0x008D      	MOVWF      EEADR
;__Lib_EEPROM.c,22 :: 		
0x010C	0x1683      	BSF        STATUS, 5
0x010D	0x1303      	BCF        STATUS, 6
0x010E	0x084C      	MOVF       FARG_EEPROM_Write_data_, 0
0x010F	0x1283      	BCF        STATUS, 5
0x0110	0x1703      	BSF        STATUS, 6
0x0111	0x008C      	MOVWF      EEDATA
;__Lib_EEPROM.c,23 :: 		
0x0112	0x1683      	BSF        STATUS, 5
0x0113	0x138C      	BCF        EECON1, 7
;__Lib_EEPROM.c,24 :: 		
0x0114	0x150C      	BSF        EECON1, 2
;__Lib_EEPROM.c,26 :: 		
0x0115	0x080B      	MOVF       INTCON, 0
0x0116	0x00F0      	MOVWF      R0
;__Lib_EEPROM.c,29 :: 		
0x0117	0x138B      	BCF        INTCON, 7
;__Lib_EEPROM.c,30 :: 		
0x0118	0x3055      	MOVLW      85
0x0119	0x008D      	MOVWF      EECON2
;__Lib_EEPROM.c,31 :: 		
0x011A	0x30AA      	MOVLW      170
0x011B	0x008D      	MOVWF      EECON2
;__Lib_EEPROM.c,32 :: 		
0x011C	0x148C      	BSF        EECON1, 1
;__Lib_EEPROM.c,36 :: 		
0x011D	0x1BF0      	BTFSC      R0, 7
0x011E	0x2921      	GOTO       L__EEPROM_Write4
0x011F	0x138B      	BCF        INTCON, 7
0x0120	0x2922      	GOTO       L__EEPROM_Write5
L__EEPROM_Write4:
0x0121	0x178B      	BSF        INTCON, 7
L__EEPROM_Write5:
;__Lib_EEPROM.c,37 :: 		
0x0122	0x110C      	BCF        EECON1, 2
;__Lib_EEPROM.c,38 :: 		
L_end_EEPROM_Write:
0x0123	0x0008      	RETURN
; end of _EEPROM_Write
_EEPROM_Read:
;__Lib_EEPROM.c,4 :: 		
;__Lib_EEPROM.c,5 :: 		
0x0124	0x1683      	BSF        STATUS, 5
0x0125	0x1303      	BCF        STATUS, 6
0x0126	0x084B      	MOVF       FARG_EEPROM_Read_Address, 0
0x0127	0x1283      	BCF        STATUS, 5
0x0128	0x1703      	BSF        STATUS, 6
0x0129	0x008D      	MOVWF      EEADR
;__Lib_EEPROM.c,6 :: 		
0x012A	0x1683      	BSF        STATUS, 5
0x012B	0x138C      	BCF        EECON1, 7
;__Lib_EEPROM.c,12 :: 		
0x012C	0x140C      	BSF        EECON1, 0
;__Lib_EEPROM.c,13 :: 		
0x012D	0x1283      	BCF        STATUS, 5
0x012E	0x080C      	MOVF       EEDATA, 0
0x012F	0x00F0      	MOVWF      R0
;__Lib_EEPROM.c,14 :: 		
L_end_EEPROM_Read:
0x0130	0x0008      	RETURN
; end of _EEPROM_Read
_code_read:
;MyProjectkapii.c,56 :: 		void code_read(){ //EEPROM'dan veri oku
;MyProjectkapii.c,57 :: 		Delay_ms(20);
0x0131	0x3034      	MOVLW      52
0x0132	0x1283      	BCF        STATUS, 5
0x0133	0x1303      	BCF        STATUS, 6
0x0134	0x00FC      	MOVWF      R12
0x0135	0x30F1      	MOVLW      241
0x0136	0x00FD      	MOVWF      R13
L_code_read18:
0x0137	0x0BFD      	DECFSZ     R13, 1
0x0138	0x2937      	GOTO       L_code_read18
0x0139	0x0BFC      	DECFSZ     R12, 1
0x013A	0x2937      	GOTO       L_code_read18
0x013B	0x0000      	NOP
0x013C	0x0000      	NOP
;MyProjectkapii.c,58 :: 		user1[0] = EEPROM_Read(0x00); // adres 0'daki veriyi oku
0x013D	0x1683      	BSF        STATUS, 5
0x013E	0x01CB      	CLRF       FARG_EEPROM_Read_Address
0x013F	0x2124      	CALL       _EEPROM_Read
0x0140	0x0870      	MOVF       R0, 0
0x0141	0x1683      	BSF        STATUS, 5
0x0142	0x1303      	BCF        STATUS, 6
0x0143	0x00B3      	MOVWF      _user1
;MyProjectkapii.c,59 :: 		Delay_ms(20);
0x0144	0x3034      	MOVLW      52
0x0145	0x00FC      	MOVWF      R12
0x0146	0x30F1      	MOVLW      241
0x0147	0x00FD      	MOVWF      R13
L_code_read19:
0x0148	0x0BFD      	DECFSZ     R13, 1
0x0149	0x2948      	GOTO       L_code_read19
0x014A	0x0BFC      	DECFSZ     R12, 1
0x014B	0x2948      	GOTO       L_code_read19
0x014C	0x0000      	NOP
0x014D	0x0000      	NOP
;MyProjectkapii.c,60 :: 		user1[1] = EEPROM_Read(0x01); // adres 1'deki veriyi oku
0x014E	0x3001      	MOVLW      1
0x014F	0x00CB      	MOVWF      FARG_EEPROM_Read_Address
0x0150	0x2124      	CALL       _EEPROM_Read
0x0151	0x0870      	MOVF       R0, 0
0x0152	0x1683      	BSF        STATUS, 5
0x0153	0x1303      	BCF        STATUS, 6
0x0154	0x00B4      	MOVWF      _user1+1
;MyProjectkapii.c,61 :: 		Delay_ms(20);
0x0155	0x3034      	MOVLW      52
0x0156	0x00FC      	MOVWF      R12
0x0157	0x30F1      	MOVLW      241
0x0158	0x00FD      	MOVWF      R13
L_code_read20:
0x0159	0x0BFD      	DECFSZ     R13, 1
0x015A	0x2959      	GOTO       L_code_read20
0x015B	0x0BFC      	DECFSZ     R12, 1
0x015C	0x2959      	GOTO       L_code_read20
0x015D	0x0000      	NOP
0x015E	0x0000      	NOP
;MyProjectkapii.c,62 :: 		user1[2] = EEPROM_Read(0x02); // adres 2'deki veriyi oku
0x015F	0x3002      	MOVLW      2
0x0160	0x00CB      	MOVWF      FARG_EEPROM_Read_Address
0x0161	0x2124      	CALL       _EEPROM_Read
0x0162	0x0870      	MOVF       R0, 0
0x0163	0x1683      	BSF        STATUS, 5
0x0164	0x1303      	BCF        STATUS, 6
0x0165	0x00B5      	MOVWF      _user1+2
;MyProjectkapii.c,63 :: 		Delay_ms(20);
0x0166	0x3034      	MOVLW      52
0x0167	0x00FC      	MOVWF      R12
0x0168	0x30F1      	MOVLW      241
0x0169	0x00FD      	MOVWF      R13
L_code_read21:
0x016A	0x0BFD      	DECFSZ     R13, 1
0x016B	0x296A      	GOTO       L_code_read21
0x016C	0x0BFC      	DECFSZ     R12, 1
0x016D	0x296A      	GOTO       L_code_read21
0x016E	0x0000      	NOP
0x016F	0x0000      	NOP
;MyProjectkapii.c,64 :: 		user1[3] = EEPROM_Read(0x03); // adres 3'deki veriyi oku
0x0170	0x3003      	MOVLW      3
0x0171	0x00CB      	MOVWF      FARG_EEPROM_Read_Address
0x0172	0x2124      	CALL       _EEPROM_Read
0x0173	0x0870      	MOVF       R0, 0
0x0174	0x1683      	BSF        STATUS, 5
0x0175	0x1303      	BCF        STATUS, 6
0x0176	0x00B6      	MOVWF      _user1+3
;MyProjectkapii.c,65 :: 		Delay_ms(20);
0x0177	0x3034      	MOVLW      52
0x0178	0x00FC      	MOVWF      R12
0x0179	0x30F1      	MOVLW      241
0x017A	0x00FD      	MOVWF      R13
L_code_read22:
0x017B	0x0BFD      	DECFSZ     R13, 1
0x017C	0x297B      	GOTO       L_code_read22
0x017D	0x0BFC      	DECFSZ     R12, 1
0x017E	0x297B      	GOTO       L_code_read22
0x017F	0x0000      	NOP
0x0180	0x0000      	NOP
;MyProjectkapii.c,66 :: 		}
L_end_code_read:
0x0181	0x0008      	RETURN
; end of _code_read
_code_enter:
;MyProjectkapii.c,27 :: 		void code_enter(int kon){
;MyProjectkapii.c,28 :: 		tus = 0; //Tuþ kodu resetleniyor
0x0182	0x1683      	BSF        STATUS, 5
0x0183	0x1303      	BCF        STATUS, 6
0x0184	0x01B7      	CLRF       _tus
;MyProjectkapii.c,29 :: 		while(!tus){
L_code_enter0:
0x0185	0x0837      	MOVF       _tus, 0
0x0186	0x1D03      	BTFSS      STATUS, 2
0x0187	0x298C      	GOTO       L_code_enter1
;MyProjectkapii.c,30 :: 		tus = Keypad_Key_Click();// basýlan tuþ tus deðikeninde tutuluyor
0x0188	0x20E9      	CALL       _Keypad_Key_Click
0x0189	0x0870      	MOVF       R0, 0
0x018A	0x00B7      	MOVWF      _tus
;MyProjectkapii.c,31 :: 		}
0x018B	0x2985      	GOTO       L_code_enter0
L_code_enter1:
;MyProjectkapii.c,33 :: 		switch (tus){
0x018C	0x29B1      	GOTO       L_code_enter2
;MyProjectkapii.c,34 :: 		case 1: tus = 49; break; // 1
L_code_enter4:
0x018D	0x3031      	MOVLW      49
0x018E	0x00B7      	MOVWF      _tus
0x018F	0x29E1      	GOTO       L_code_enter3
;MyProjectkapii.c,35 :: 		case 2: tus = 50; break; // 2
L_code_enter5:
0x0190	0x3032      	MOVLW      50
0x0191	0x00B7      	MOVWF      _tus
0x0192	0x29E1      	GOTO       L_code_enter3
;MyProjectkapii.c,36 :: 		case 3: tus = 51; break; // 3
L_code_enter6:
0x0193	0x3033      	MOVLW      51
0x0194	0x00B7      	MOVWF      _tus
0x0195	0x29E1      	GOTO       L_code_enter3
;MyProjectkapii.c,38 :: 		case 5: tus = 52; break; // 4
L_code_enter7:
0x0196	0x3034      	MOVLW      52
0x0197	0x00B7      	MOVWF      _tus
0x0198	0x29E1      	GOTO       L_code_enter3
;MyProjectkapii.c,39 :: 		case 6: tus = 53; break; // 5
L_code_enter8:
0x0199	0x3035      	MOVLW      53
0x019A	0x00B7      	MOVWF      _tus
0x019B	0x29E1      	GOTO       L_code_enter3
;MyProjectkapii.c,40 :: 		case 7: tus = 54; break; // 6
L_code_enter9:
0x019C	0x3036      	MOVLW      54
0x019D	0x00B7      	MOVWF      _tus
0x019E	0x29E1      	GOTO       L_code_enter3
;MyProjectkapii.c,42 :: 		case 9: tus = 55; break; // 7
L_code_enter10:
0x019F	0x3037      	MOVLW      55
0x01A0	0x00B7      	MOVWF      _tus
0x01A1	0x29E1      	GOTO       L_code_enter3
;MyProjectkapii.c,43 :: 		case 10: tus = 56; break; // 8
L_code_enter11:
0x01A2	0x3038      	MOVLW      56
0x01A3	0x00B7      	MOVWF      _tus
0x01A4	0x29E1      	GOTO       L_code_enter3
;MyProjectkapii.c,44 :: 		case 11: tus = 57; break; // 9
L_code_enter12:
0x01A5	0x3039      	MOVLW      57
0x01A6	0x00B7      	MOVWF      _tus
0x01A7	0x29E1      	GOTO       L_code_enter3
;MyProjectkapii.c,46 :: 		case 13: tus = 42; break; // *
L_code_enter13:
0x01A8	0x302A      	MOVLW      42
0x01A9	0x00B7      	MOVWF      _tus
0x01AA	0x29E1      	GOTO       L_code_enter3
;MyProjectkapii.c,47 :: 		case 14: tus = 48; break; // 0
L_code_enter14:
0x01AB	0x3030      	MOVLW      48
0x01AC	0x00B7      	MOVWF      _tus
0x01AD	0x29E1      	GOTO       L_code_enter3
;MyProjectkapii.c,48 :: 		case 15: tus = 35; break; // #
L_code_enter15:
0x01AE	0x3023      	MOVLW      35
0x01AF	0x00B7      	MOVWF      _tus
0x01B0	0x29E1      	GOTO       L_code_enter3
;MyProjectkapii.c,50 :: 		}
L_code_enter2:
0x01B1	0x0837      	MOVF       _tus, 0
0x01B2	0x3A01      	XORLW      1
0x01B3	0x1903      	BTFSC      STATUS, 2
0x01B4	0x298D      	GOTO       L_code_enter4
0x01B5	0x0837      	MOVF       _tus, 0
0x01B6	0x3A02      	XORLW      2
0x01B7	0x1903      	BTFSC      STATUS, 2
0x01B8	0x2990      	GOTO       L_code_enter5
0x01B9	0x0837      	MOVF       _tus, 0
0x01BA	0x3A03      	XORLW      3
0x01BB	0x1903      	BTFSC      STATUS, 2
0x01BC	0x2993      	GOTO       L_code_enter6
0x01BD	0x0837      	MOVF       _tus, 0
0x01BE	0x3A05      	XORLW      5
0x01BF	0x1903      	BTFSC      STATUS, 2
0x01C0	0x2996      	GOTO       L_code_enter7
0x01C1	0x0837      	MOVF       _tus, 0
0x01C2	0x3A06      	XORLW      6
0x01C3	0x1903      	BTFSC      STATUS, 2
0x01C4	0x2999      	GOTO       L_code_enter8
0x01C5	0x0837      	MOVF       _tus, 0
0x01C6	0x3A07      	XORLW      7
0x01C7	0x1903      	BTFSC      STATUS, 2
0x01C8	0x299C      	GOTO       L_code_enter9
0x01C9	0x0837      	MOVF       _tus, 0
0x01CA	0x3A09      	XORLW      9
0x01CB	0x1903      	BTFSC      STATUS, 2
0x01CC	0x299F      	GOTO       L_code_enter10
0x01CD	0x0837      	MOVF       _tus, 0
0x01CE	0x3A0A      	XORLW      10
0x01CF	0x1903      	BTFSC      STATUS, 2
0x01D0	0x29A2      	GOTO       L_code_enter11
0x01D1	0x0837      	MOVF       _tus, 0
0x01D2	0x3A0B      	XORLW      11
0x01D3	0x1903      	BTFSC      STATUS, 2
0x01D4	0x29A5      	GOTO       L_code_enter12
0x01D5	0x0837      	MOVF       _tus, 0
0x01D6	0x3A0D      	XORLW      13
0x01D7	0x1903      	BTFSC      STATUS, 2
0x01D8	0x29A8      	GOTO       L_code_enter13
0x01D9	0x0837      	MOVF       _tus, 0
0x01DA	0x3A0E      	XORLW      14
0x01DB	0x1903      	BTFSC      STATUS, 2
0x01DC	0x29AB      	GOTO       L_code_enter14
0x01DD	0x0837      	MOVF       _tus, 0
0x01DE	0x3A0F      	XORLW      15
0x01DF	0x1903      	BTFSC      STATUS, 2
0x01E0	0x29AE      	GOTO       L_code_enter15
L_code_enter3:
;MyProjectkapii.c,51 :: 		code1[i] = tus;
0x01E1	0x1283      	BCF        STATUS, 5
0x01E2	0x0820      	MOVF       _i, 0
0x01E3	0x3EB8      	ADDLW      _code1
0x01E4	0x0084      	MOVWF      FSR
0x01E5	0x1683      	BSF        STATUS, 5
0x01E6	0x0837      	MOVF       _tus, 0
0x01E7	0x0080      	MOVWF      INDF
;MyProjectkapii.c,52 :: 		if(kon==0)  Lcd_Chr(2, i+1, '*'); // LCD ekranda * deðeri basýlýyor
0x01E8	0x3000      	MOVLW      0
0x01E9	0x0648      	XORWF      FARG_code_enter_kon+1, 0
0x01EA	0x1D03      	BTFSS      STATUS, 2
0x01EB	0x29EE      	GOTO       L__code_enter54
0x01EC	0x3000      	MOVLW      0
0x01ED	0x0647      	XORWF      FARG_code_enter_kon, 0
L__code_enter54:
0x01EE	0x1D03      	BTFSS      STATUS, 2
0x01EF	0x29F9      	GOTO       L_code_enter16
0x01F0	0x3002      	MOVLW      2
0x01F1	0x00CB      	MOVWF      FARG_Lcd_Chr_row
0x01F2	0x1283      	BCF        STATUS, 5
0x01F3	0x0A20      	INCF       _i, 0
0x01F4	0x1683      	BSF        STATUS, 5
0x01F5	0x00CC      	MOVWF      FARG_Lcd_Chr_column
0x01F6	0x302A      	MOVLW      42
0x01F7	0x00CD      	MOVWF      FARG_Lcd_Chr_out_char
0x01F8	0x20B1      	CALL       _Lcd_Chr
L_code_enter16:
;MyProjectkapii.c,53 :: 		if(kon==1)  Lcd_Chr(2, i+1, code1[i]); /* LCD ekranda ASCII deðeri karþýlýðý basýlýyor */
0x01F9	0x3000      	MOVLW      0
0x01FA	0x1683      	BSF        STATUS, 5
0x01FB	0x0648      	XORWF      FARG_code_enter_kon+1, 0
0x01FC	0x1D03      	BTFSS      STATUS, 2
0x01FD	0x2A00      	GOTO       L__code_enter55
0x01FE	0x3001      	MOVLW      1
0x01FF	0x0647      	XORWF      FARG_code_enter_kon, 0
L__code_enter55:
0x0200	0x1D03      	BTFSS      STATUS, 2
0x0201	0x2A10      	GOTO       L_code_enter17
0x0202	0x3002      	MOVLW      2
0x0203	0x00CB      	MOVWF      FARG_Lcd_Chr_row
0x0204	0x1283      	BCF        STATUS, 5
0x0205	0x0A20      	INCF       _i, 0
0x0206	0x1683      	BSF        STATUS, 5
0x0207	0x00CC      	MOVWF      FARG_Lcd_Chr_column
0x0208	0x1283      	BCF        STATUS, 5
0x0209	0x0820      	MOVF       _i, 0
0x020A	0x3EB8      	ADDLW      _code1
0x020B	0x0084      	MOVWF      FSR
0x020C	0x0800      	MOVF       INDF, 0
0x020D	0x1683      	BSF        STATUS, 5
0x020E	0x00CD      	MOVWF      FARG_Lcd_Chr_out_char
0x020F	0x20B1      	CALL       _Lcd_Chr
L_code_enter17:
0x0210	0x1283      	BCF        STATUS, 5
;MyProjectkapii.c,54 :: 		i++;
0x0211	0x0AA0      	INCF       _i, 1
0x0212	0x1903      	BTFSC      STATUS, 2
0x0213	0x0AA1      	INCF       _i+1, 1
;MyProjectkapii.c,55 :: 		}
L_end_code_enter:
0x0214	0x0008      	RETURN
; end of _code_enter
_code_write:
;MyProjectkapii.c,67 :: 		void code_write(){ // Veriyi EEPROM'a yaz
;MyProjectkapii.c,68 :: 		Delay_ms(20);
0x0215	0x3034      	MOVLW      52
0x0216	0x1283      	BCF        STATUS, 5
0x0217	0x1303      	BCF        STATUS, 6
0x0218	0x00FC      	MOVWF      R12
0x0219	0x30F1      	MOVLW      241
0x021A	0x00FD      	MOVWF      R13
L_code_write23:
0x021B	0x0BFD      	DECFSZ     R13, 1
0x021C	0x2A1B      	GOTO       L_code_write23
0x021D	0x0BFC      	DECFSZ     R12, 1
0x021E	0x2A1B      	GOTO       L_code_write23
0x021F	0x0000      	NOP
0x0220	0x0000      	NOP
;MyProjectkapii.c,69 :: 		EEPROM_Write(0x00,code1[0]); // veriyi adres 0'a yaz
0x0221	0x1683      	BSF        STATUS, 5
0x0222	0x01CB      	CLRF       FARG_EEPROM_Write_Address
0x0223	0x0838      	MOVF       _code1, 0
0x0224	0x00CC      	MOVWF      FARG_EEPROM_Write_data_
0x0225	0x2101      	CALL       _EEPROM_Write
;MyProjectkapii.c,70 :: 		Delay_ms(20);
0x0226	0x3034      	MOVLW      52
0x0227	0x00FC      	MOVWF      R12
0x0228	0x30F1      	MOVLW      241
0x0229	0x00FD      	MOVWF      R13
L_code_write24:
0x022A	0x0BFD      	DECFSZ     R13, 1
0x022B	0x2A2A      	GOTO       L_code_write24
0x022C	0x0BFC      	DECFSZ     R12, 1
0x022D	0x2A2A      	GOTO       L_code_write24
0x022E	0x0000      	NOP
0x022F	0x0000      	NOP
;MyProjectkapii.c,71 :: 		EEPROM_Write(0x01,code1[1]); // veriyi adres 1'e yaz
0x0230	0x3001      	MOVLW      1
0x0231	0x1303      	BCF        STATUS, 6
0x0232	0x00CB      	MOVWF      FARG_EEPROM_Write_Address
0x0233	0x0839      	MOVF       _code1+1, 0
0x0234	0x00CC      	MOVWF      FARG_EEPROM_Write_data_
0x0235	0x2101      	CALL       _EEPROM_Write
;MyProjectkapii.c,72 :: 		Delay_ms(20);
0x0236	0x3034      	MOVLW      52
0x0237	0x00FC      	MOVWF      R12
0x0238	0x30F1      	MOVLW      241
0x0239	0x00FD      	MOVWF      R13
L_code_write25:
0x023A	0x0BFD      	DECFSZ     R13, 1
0x023B	0x2A3A      	GOTO       L_code_write25
0x023C	0x0BFC      	DECFSZ     R12, 1
0x023D	0x2A3A      	GOTO       L_code_write25
0x023E	0x0000      	NOP
0x023F	0x0000      	NOP
;MyProjectkapii.c,73 :: 		EEPROM_Write(0x02,code1[2]); // veriyi adres 2'ye yaz
0x0240	0x3002      	MOVLW      2
0x0241	0x1303      	BCF        STATUS, 6
0x0242	0x00CB      	MOVWF      FARG_EEPROM_Write_Address
0x0243	0x083A      	MOVF       _code1+2, 0
0x0244	0x00CC      	MOVWF      FARG_EEPROM_Write_data_
0x0245	0x2101      	CALL       _EEPROM_Write
;MyProjectkapii.c,74 :: 		Delay_ms(20);
0x0246	0x3034      	MOVLW      52
0x0247	0x00FC      	MOVWF      R12
0x0248	0x30F1      	MOVLW      241
0x0249	0x00FD      	MOVWF      R13
L_code_write26:
0x024A	0x0BFD      	DECFSZ     R13, 1
0x024B	0x2A4A      	GOTO       L_code_write26
0x024C	0x0BFC      	DECFSZ     R12, 1
0x024D	0x2A4A      	GOTO       L_code_write26
0x024E	0x0000      	NOP
0x024F	0x0000      	NOP
;MyProjectkapii.c,75 :: 		EEPROM_Write(0x03,code1[3]); // veriyi adres 3'e yaz
0x0250	0x3003      	MOVLW      3
0x0251	0x1303      	BCF        STATUS, 6
0x0252	0x00CB      	MOVWF      FARG_EEPROM_Write_Address
0x0253	0x083B      	MOVF       _code1+3, 0
0x0254	0x00CC      	MOVWF      FARG_EEPROM_Write_data_
0x0255	0x2101      	CALL       _EEPROM_Write
;MyProjectkapii.c,76 :: 		}
L_end_code_write:
0x0256	0x0008      	RETURN
; end of _code_write
_Lcd_Out:
;__Lib_Lcd.c,184 :: 		
;__Lib_Lcd.c,187 :: 		
0x0257	0x2A69      	GOTO       L_Lcd_Out11
;__Lib_Lcd.c,188 :: 		
L_Lcd_Out13:
0x0258	0x3080      	MOVLW      128
0x0259	0x1683      	BSF        STATUS, 5
0x025A	0x1303      	BCF        STATUS, 6
0x025B	0x00C7      	MOVWF      FARG_Lcd_Out_row
0x025C	0x2A7C      	GOTO       L_Lcd_Out12
;__Lib_Lcd.c,189 :: 		
L_Lcd_Out14:
0x025D	0x30C0      	MOVLW      192
0x025E	0x00C7      	MOVWF      FARG_Lcd_Out_row
0x025F	0x2A7C      	GOTO       L_Lcd_Out12
;__Lib_Lcd.c,190 :: 		
L_Lcd_Out15:
0x0260	0x3094      	MOVLW      148
0x0261	0x00C7      	MOVWF      FARG_Lcd_Out_row
0x0262	0x2A7C      	GOTO       L_Lcd_Out12
;__Lib_Lcd.c,191 :: 		
L_Lcd_Out16:
0x0263	0x30D4      	MOVLW      212
0x0264	0x00C7      	MOVWF      FARG_Lcd_Out_row
0x0265	0x2A7C      	GOTO       L_Lcd_Out12
;__Lib_Lcd.c,192 :: 		
L_Lcd_Out17:
0x0266	0x3080      	MOVLW      128
0x0267	0x00C7      	MOVWF      FARG_Lcd_Out_row
;__Lib_Lcd.c,193 :: 		
0x0268	0x2A7C      	GOTO       L_Lcd_Out12
L_Lcd_Out11:
0x0269	0x1683      	BSF        STATUS, 5
0x026A	0x1303      	BCF        STATUS, 6
0x026B	0x0847      	MOVF       FARG_Lcd_Out_row, 0
0x026C	0x3A01      	XORLW      1
0x026D	0x1903      	BTFSC      STATUS, 2
0x026E	0x2A58      	GOTO       L_Lcd_Out13
0x026F	0x0847      	MOVF       FARG_Lcd_Out_row, 0
0x0270	0x3A02      	XORLW      2
0x0271	0x1903      	BTFSC      STATUS, 2
0x0272	0x2A5D      	GOTO       L_Lcd_Out14
0x0273	0x0847      	MOVF       FARG_Lcd_Out_row, 0
0x0274	0x3A03      	XORLW      3
0x0275	0x1903      	BTFSC      STATUS, 2
0x0276	0x2A60      	GOTO       L_Lcd_Out15
0x0277	0x0847      	MOVF       FARG_Lcd_Out_row, 0
0x0278	0x3A04      	XORLW      4
0x0279	0x1903      	BTFSC      STATUS, 2
0x027A	0x2A63      	GOTO       L_Lcd_Out16
0x027B	0x2A66      	GOTO       L_Lcd_Out17
L_Lcd_Out12:
;__Lib_Lcd.c,194 :: 		
0x027C	0x0348      	DECF       FARG_Lcd_Out_column, 0
0x027D	0x00F0      	MOVWF      R0
0x027E	0x0847      	MOVF       FARG_Lcd_Out_row, 0
0x027F	0x07F0      	ADDWF      R0, 1
0x0280	0x0870      	MOVF       R0, 0
0x0281	0x00C7      	MOVWF      FARG_Lcd_Out_row
;__Lib_Lcd.c,196 :: 		
0x0282	0x0870      	MOVF       R0, 0
0x0283	0x00CE      	MOVWF      FARG_Lcd_Cmd_out_char
0x0284	0x2022      	CALL       _Lcd_Cmd
;__Lib_Lcd.c,197 :: 		
0x0285	0x106F      	BCF        __Lib_Lcd_cmd_status, BitPos(__Lib_Lcd_cmd_status+0)
;__Lib_Lcd.c,198 :: 		
0x0286	0x1683      	BSF        STATUS, 5
0x0287	0x01CA      	CLRF       Lcd_Out_i_L0
;__Lib_Lcd.c,199 :: 		
L_Lcd_Out18:
0x0288	0x084A      	MOVF       Lcd_Out_i_L0, 0
0x0289	0x0749      	ADDWF      FARG_Lcd_Out_text, 0
0x028A	0x0084      	MOVWF      FSR
0x028B	0x0800      	MOVF       INDF, 0
0x028C	0x1903      	BTFSC      STATUS, 2
0x028D	0x2A97      	GOTO       L_Lcd_Out19
;__Lib_Lcd.c,200 :: 		
0x028E	0x084A      	MOVF       Lcd_Out_i_L0, 0
0x028F	0x0749      	ADDWF      FARG_Lcd_Out_text, 0
0x0290	0x0084      	MOVWF      FSR
0x0291	0x0800      	MOVF       INDF, 0
0x0292	0x00CB      	MOVWF      FARG_Lcd_Chr_CP_out_char
0x0293	0x20F8      	CALL       _Lcd_Chr_CP
0x0294	0x1683      	BSF        STATUS, 5
0x0295	0x0ACA      	INCF       Lcd_Out_i_L0, 1
0x0296	0x2A88      	GOTO       L_Lcd_Out18
L_Lcd_Out19:
;__Lib_Lcd.c,201 :: 		
0x0297	0x1283      	BCF        STATUS, 5
0x0298	0x146F      	BSF        __Lib_Lcd_cmd_status, BitPos(__Lib_Lcd_cmd_status+0)
;__Lib_Lcd.c,202 :: 		
L_end_Lcd_Out:
0x0299	0x0008      	RETURN
; end of _Lcd_Out
_Lcd_Init:
;__Lib_Lcd.c,84 :: 		
;__Lib_Lcd.c,86 :: 		
0x029A	0x1683      	BSF        STATUS, 5
0x029B	0x1303      	BCF        STATUS, 6
0x029C	0x1188      	BCF        LCD_EN_Direction, BitPos(LCD_EN_Direction+0)
;__Lib_Lcd.c,87 :: 		
0x029D	0x1108      	BCF        LCD_RS_Direction, BitPos(LCD_RS_Direction+0)
;__Lib_Lcd.c,88 :: 		
0x029E	0x1208      	BCF        LCD_D4_Direction, BitPos(LCD_D4_Direction+0)
;__Lib_Lcd.c,89 :: 		
0x029F	0x1288      	BCF        LCD_D5_Direction, BitPos(LCD_D5_Direction+0)
;__Lib_Lcd.c,90 :: 		
0x02A0	0x1308      	BCF        LCD_D6_Direction, BitPos(LCD_D6_Direction+0)
;__Lib_Lcd.c,91 :: 		
0x02A1	0x1388      	BCF        LCD_D7_Direction, BitPos(LCD_D7_Direction+0)
;__Lib_Lcd.c,93 :: 		
0x02A2	0x1283      	BCF        STATUS, 5
0x02A3	0x1188      	BCF        LCD_EN, BitPos(LCD_EN+0)
;__Lib_Lcd.c,94 :: 		
0x02A4	0x1108      	BCF        LCD_RS, BitPos(LCD_RS+0)
;__Lib_Lcd.c,95 :: 		
0x02A5	0x1388      	BCF        LCD_D7, BitPos(LCD_D7+0)
;__Lib_Lcd.c,96 :: 		
0x02A6	0x1308      	BCF        LCD_D6, BitPos(LCD_D6+0)
;__Lib_Lcd.c,97 :: 		
0x02A7	0x1288      	BCF        LCD_D5, BitPos(LCD_D5+0)
;__Lib_Lcd.c,98 :: 		
0x02A8	0x1208      	BCF        LCD_D4, BitPos(LCD_D4+0)
;__Lib_Lcd.c,100 :: 		
0x02A9	0x2006      	CALL       _Delay_5500us
;__Lib_Lcd.c,101 :: 		
0x02AA	0x2006      	CALL       _Delay_5500us
;__Lib_Lcd.c,102 :: 		
0x02AB	0x2006      	CALL       _Delay_5500us
;__Lib_Lcd.c,105 :: 		
0x02AC	0x1688      	BSF        LCD_D5, BitPos(LCD_D5+0)
;__Lib_Lcd.c,106 :: 		
0x02AD	0x1608      	BSF        LCD_D4, BitPos(LCD_D4+0)
;__Lib_Lcd.c,107 :: 		
0x02AE	0x1588      	BSF        LCD_EN, BitPos(LCD_EN+0)
;__Lib_Lcd.c,108 :: 		
0x02AF	0x2003      	CALL       _Delay_1us
;__Lib_Lcd.c,109 :: 		
0x02B0	0x1188      	BCF        LCD_EN, BitPos(LCD_EN+0)
;__Lib_Lcd.c,110 :: 		
0x02B1	0x2006      	CALL       _Delay_5500us
;__Lib_Lcd.c,112 :: 		
0x02B2	0x1588      	BSF        LCD_EN, BitPos(LCD_EN+0)
;__Lib_Lcd.c,113 :: 		
0x02B3	0x2003      	CALL       _Delay_1us
;__Lib_Lcd.c,114 :: 		
0x02B4	0x1188      	BCF        LCD_EN, BitPos(LCD_EN+0)
;__Lib_Lcd.c,115 :: 		
0x02B5	0x2006      	CALL       _Delay_5500us
;__Lib_Lcd.c,117 :: 		
0x02B6	0x1588      	BSF        LCD_EN, BitPos(LCD_EN+0)
;__Lib_Lcd.c,118 :: 		
0x02B7	0x2003      	CALL       _Delay_1us
;__Lib_Lcd.c,119 :: 		
0x02B8	0x1188      	BCF        LCD_EN, BitPos(LCD_EN+0)
;__Lib_Lcd.c,120 :: 		
0x02B9	0x2006      	CALL       _Delay_5500us
;__Lib_Lcd.c,123 :: 		
0x02BA	0x1208      	BCF        LCD_D4, BitPos(LCD_D4+0)
;__Lib_Lcd.c,124 :: 		
0x02BB	0x1588      	BSF        LCD_EN, BitPos(LCD_EN+0)
;__Lib_Lcd.c,125 :: 		
0x02BC	0x2003      	CALL       _Delay_1us
;__Lib_Lcd.c,126 :: 		
0x02BD	0x1188      	BCF        LCD_EN, BitPos(LCD_EN+0)
;__Lib_Lcd.c,127 :: 		
0x02BE	0x2006      	CALL       _Delay_5500us
;__Lib_Lcd.c,130 :: 		
0x02BF	0x1588      	BSF        LCD_EN, BitPos(LCD_EN+0)
;__Lib_Lcd.c,131 :: 		
0x02C0	0x2003      	CALL       _Delay_1us
;__Lib_Lcd.c,132 :: 		
0x02C1	0x1188      	BCF        LCD_EN, BitPos(LCD_EN+0)
;__Lib_Lcd.c,134 :: 		
0x02C2	0x1288      	BCF        LCD_D5, BitPos(LCD_D5+0)
;__Lib_Lcd.c,135 :: 		
0x02C3	0x1788      	BSF        LCD_D7, BitPos(LCD_D7+0)
;__Lib_Lcd.c,136 :: 		
0x02C4	0x1588      	BSF        LCD_EN, BitPos(LCD_EN+0)
;__Lib_Lcd.c,137 :: 		
0x02C5	0x2003      	CALL       _Delay_1us
;__Lib_Lcd.c,138 :: 		
0x02C6	0x1188      	BCF        LCD_EN, BitPos(LCD_EN+0)
;__Lib_Lcd.c,139 :: 		
0x02C7	0x2006      	CALL       _Delay_5500us
;__Lib_Lcd.c,142 :: 		
0x02C8	0x1388      	BCF        LCD_D7, BitPos(LCD_D7+0)
;__Lib_Lcd.c,143 :: 		
0x02C9	0x1608      	BSF        LCD_D4, BitPos(LCD_D4+0)
;__Lib_Lcd.c,144 :: 		
0x02CA	0x1588      	BSF        LCD_EN, BitPos(LCD_EN+0)
;__Lib_Lcd.c,145 :: 		
0x02CB	0x2003      	CALL       _Delay_1us
;__Lib_Lcd.c,146 :: 		
0x02CC	0x1188      	BCF        LCD_EN, BitPos(LCD_EN+0)
;__Lib_Lcd.c,148 :: 		
0x02CD	0x1208      	BCF        LCD_D4, BitPos(LCD_D4+0)
;__Lib_Lcd.c,149 :: 		
0x02CE	0x1588      	BSF        LCD_EN, BitPos(LCD_EN+0)
;__Lib_Lcd.c,150 :: 		
0x02CF	0x2003      	CALL       _Delay_1us
;__Lib_Lcd.c,151 :: 		
0x02D0	0x1188      	BCF        LCD_EN, BitPos(LCD_EN+0)
;__Lib_Lcd.c,152 :: 		
0x02D1	0x2006      	CALL       _Delay_5500us
;__Lib_Lcd.c,155 :: 		
0x02D2	0x1588      	BSF        LCD_EN, BitPos(LCD_EN+0)
;__Lib_Lcd.c,156 :: 		
0x02D3	0x2003      	CALL       _Delay_1us
;__Lib_Lcd.c,157 :: 		
0x02D4	0x1188      	BCF        LCD_EN, BitPos(LCD_EN+0)
;__Lib_Lcd.c,159 :: 		
0x02D5	0x1608      	BSF        LCD_D4, BitPos(LCD_D4+0)
;__Lib_Lcd.c,160 :: 		
0x02D6	0x1588      	BSF        LCD_EN, BitPos(LCD_EN+0)
;__Lib_Lcd.c,161 :: 		
0x02D7	0x2003      	CALL       _Delay_1us
;__Lib_Lcd.c,162 :: 		
0x02D8	0x1188      	BCF        LCD_EN, BitPos(LCD_EN+0)
;__Lib_Lcd.c,163 :: 		
0x02D9	0x2006      	CALL       _Delay_5500us
;__Lib_Lcd.c,166 :: 		
0x02DA	0x1208      	BCF        LCD_D4, BitPos(LCD_D4+0)
;__Lib_Lcd.c,167 :: 		
0x02DB	0x1588      	BSF        LCD_EN, BitPos(LCD_EN+0)
;__Lib_Lcd.c,168 :: 		
0x02DC	0x2003      	CALL       _Delay_1us
;__Lib_Lcd.c,169 :: 		
0x02DD	0x1188      	BCF        LCD_EN, BitPos(LCD_EN+0)
;__Lib_Lcd.c,171 :: 		
0x02DE	0x1788      	BSF        LCD_D7, BitPos(LCD_D7+0)
;__Lib_Lcd.c,172 :: 		
0x02DF	0x1708      	BSF        LCD_D6, BitPos(LCD_D6+0)
;__Lib_Lcd.c,173 :: 		
0x02E0	0x1688      	BSF        LCD_D5, BitPos(LCD_D5+0)
;__Lib_Lcd.c,174 :: 		
0x02E1	0x1608      	BSF        LCD_D4, BitPos(LCD_D4+0)
;__Lib_Lcd.c,175 :: 		
0x02E2	0x1588      	BSF        LCD_EN, BitPos(LCD_EN+0)
;__Lib_Lcd.c,176 :: 		
0x02E3	0x2003      	CALL       _Delay_1us
;__Lib_Lcd.c,177 :: 		
0x02E4	0x1188      	BCF        LCD_EN, BitPos(LCD_EN+0)
;__Lib_Lcd.c,179 :: 		
0x02E5	0x2006      	CALL       _Delay_5500us
;__Lib_Lcd.c,181 :: 		
0x02E6	0x146F      	BSF        __Lib_Lcd_cmd_status, BitPos(__Lib_Lcd_cmd_status+0)
;__Lib_Lcd.c,182 :: 		
L_end_Lcd_Init:
0x02E7	0x0008      	RETURN
; end of _Lcd_Init
_____DoICP:
;__Lib_System.c,6 :: 		
;__Lib_System.c,9 :: 		
0x02E8	0x1283      	BCF        STATUS, 5
0x02E9	0x1303      	BCF        STATUS, 6
0x02EA	0x086C      	MOVF       ___DoICPAddr+1, 0
0x02EB	0x008A      	MOVWF      PCLATH
;__Lib_System.c,10 :: 		
0x02EC	0x086B      	MOVF       ___DoICPAddr, 0
0x02ED	0x0082      	MOVWF      PCL
;__Lib_System.c,12 :: 		
L_end_____DoICP:
0x02EE	0x0008      	RETURN
; end of _____DoICP
_Keypad_Init:
;__Lib_Keypad4x4.c,34 :: 		
;__Lib_Keypad4x4.c,35 :: 		
0x02EF	0x3080      	MOVLW      128
0x02F0	0x1283      	BCF        STATUS, 5
0x02F1	0x1303      	BCF        STATUS, 6
0x02F2	0x00F0      	MOVWF      R0
0x02F3	0x0870      	MOVF       R0, 0
0x02F4	0x3E06      	ADDLW      keypadPort
0x02F5	0x0084      	MOVWF      FSR
0x02F6	0x30FF      	MOVLW      255
0x02F7	0x0080      	MOVWF      INDF
;__Lib_Keypad4x4.c,36 :: 		
L_end_Keypad_Init:
0x02F8	0x0008      	RETURN
; end of _Keypad_Init
_ayarlar:
;MyProjectkapii.c,95 :: 		void ayarlar(){
;MyProjectkapii.c,96 :: 		Keypad_Init(); // Tuþ takýmý baþlatýlýyor
0x02F9	0x22EF      	CALL       _Keypad_Init
;MyProjectkapii.c,97 :: 		Lcd_Init(); // LCD baþlatýlýyor
0x02FA	0x229A      	CALL       _Lcd_Init
;MyProjectkapii.c,98 :: 		Lcd_Cmd(_LCD_CLEAR);
0x02FB	0x3001      	MOVLW      1
0x02FC	0x1683      	BSF        STATUS, 5
0x02FD	0x00CE      	MOVWF      FARG_Lcd_Cmd_out_char
0x02FE	0x2022      	CALL       _Lcd_Cmd
;MyProjectkapii.c,99 :: 		Lcd_Cmd(_LCD_CURSOR_OFF);
0x02FF	0x300C      	MOVLW      12
0x0300	0x1683      	BSF        STATUS, 5
0x0301	0x00CE      	MOVWF      FARG_Lcd_Cmd_out_char
0x0302	0x2022      	CALL       _Lcd_Cmd
;MyProjectkapii.c,100 :: 		INTCON=0;
0x0303	0x018B      	CLRF       INTCON
;MyProjectkapii.c,101 :: 		OPTION_REG = 0X87; //Dâhili Pull-up’lar kapalý, düþen kenar tetiklemesi
0x0304	0x3087      	MOVLW      135
0x0305	0x1683      	BSF        STATUS, 5
0x0306	0x0081      	MOVWF      OPTION_REG
;MyProjectkapii.c,102 :: 		TRISA=0X00;
0x0307	0x0185      	CLRF       TRISA
;MyProjectkapii.c,103 :: 		PORTA=0;
0x0308	0x1283      	BCF        STATUS, 5
0x0309	0x0185      	CLRF       PORTA
;MyProjectkapii.c,104 :: 		TRISC = 0x00;
0x030A	0x1683      	BSF        STATUS, 5
0x030B	0x0187      	CLRF       TRISC
;MyProjectkapii.c,105 :: 		PORTC = 0;
0x030C	0x1283      	BCF        STATUS, 5
0x030D	0x0187      	CLRF       PORTC
;MyProjectkapii.c,106 :: 		TRISE=0X00;
0x030E	0x1683      	BSF        STATUS, 5
0x030F	0x0189      	CLRF       TRISE
;MyProjectkapii.c,107 :: 		PORTE=0;
0x0310	0x1283      	BCF        STATUS, 5
0x0311	0x0189      	CLRF       PORTE
;MyProjectkapii.c,108 :: 		ANSEL = 0; // AN pinlerini dijital I/O olarak ayarla
0x0312	0x1683      	BSF        STATUS, 5
0x0313	0x1703      	BSF        STATUS, 6
0x0314	0x0188      	CLRF       ANSEL
;MyProjectkapii.c,109 :: 		ANSELH = 0;
0x0315	0x0189      	CLRF       ANSELH
;MyProjectkapii.c,110 :: 		CM1CON0.C1ON=0; // karþýlaþtýrýcýlarý kapat
0x0316	0x1283      	BCF        STATUS, 5
0x0317	0x1387      	BCF        CM1CON0, 7
;MyProjectkapii.c,111 :: 		CM2CON0.C2ON=0;
0x0318	0x1388      	BCF        CM2CON0, 7
;MyProjectkapii.c,112 :: 		ADCON0.ADON=0; //ADC kapatýldý
0x0319	0x1303      	BCF        STATUS, 6
0x031A	0x101F      	BCF        ADCON0, 0
;MyProjectkapii.c,113 :: 		for(i=0;i<5;i++){ //Açýlýþta mikrodenetleyicinin
0x031B	0x01A0      	CLRF       _i
0x031C	0x01A1      	CLRF       _i+1
L_ayarlar30:
0x031D	0x3080      	MOVLW      128
0x031E	0x0621      	XORWF      _i+1, 0
0x031F	0x00F0      	MOVWF      R0
0x0320	0x3080      	MOVLW      128
0x0321	0x0270      	SUBWF      R0, 0
0x0322	0x1D03      	BTFSS      STATUS, 2
0x0323	0x2B26      	GOTO       L__ayarlar60
0x0324	0x3005      	MOVLW      5
0x0325	0x0220      	SUBWF      _i, 0
L__ayarlar60:
0x0326	0x1803      	BTFSC      STATUS, 0
0x0327	0x2B3C      	GOTO       L_ayarlar31
;MyProjectkapii.c,114 :: 		LED_kontrol=~LED_kontrol;//çalýþmadýðýný anlamamýzý saðlayan
0x0328	0x3001      	MOVLW      1
0x0329	0x0685      	XORWF      PORTA, 1
;MyProjectkapii.c,115 :: 		Delay_ms(250); //kontrol döngüsü
0x032A	0x3003      	MOVLW      3
0x032B	0x00FB      	MOVWF      R11
0x032C	0x308A      	MOVLW      138
0x032D	0x00FC      	MOVWF      R12
0x032E	0x3055      	MOVLW      85
0x032F	0x00FD      	MOVWF      R13
L_ayarlar33:
0x0330	0x0BFD      	DECFSZ     R13, 1
0x0331	0x2B30      	GOTO       L_ayarlar33
0x0332	0x0BFC      	DECFSZ     R12, 1
0x0333	0x2B30      	GOTO       L_ayarlar33
0x0334	0x0BFB      	DECFSZ     R11, 1
0x0335	0x2B30      	GOTO       L_ayarlar33
0x0336	0x0000      	NOP
0x0337	0x0000      	NOP
;MyProjectkapii.c,113 :: 		for(i=0;i<5;i++){ //Açýlýþta mikrodenetleyicinin
0x0338	0x0AA0      	INCF       _i, 1
0x0339	0x1903      	BTFSC      STATUS, 2
0x033A	0x0AA1      	INCF       _i+1, 1
;MyProjectkapii.c,116 :: 		}
0x033B	0x2B1D      	GOTO       L_ayarlar30
L_ayarlar31:
;MyProjectkapii.c,117 :: 		LED_kontrol=0;
0x033C	0x1005      	BCF        PORTA, 0
;MyProjectkapii.c,118 :: 		}
L_end_ayarlar:
0x033D	0x0008      	RETURN
; end of _ayarlar
_change_code:
;MyProjectkapii.c,77 :: 		void change_code(){
;MyProjectkapii.c,78 :: 		Lcd_Cmd(_LCD_CLEAR);
0x033E	0x3001      	MOVLW      1
0x033F	0x1683      	BSF        STATUS, 5
0x0340	0x1303      	BCF        STATUS, 6
0x0341	0x00CE      	MOVWF      FARG_Lcd_Cmd_out_char
0x0342	0x2022      	CALL       _Lcd_Cmd
;MyProjectkapii.c,79 :: 		Lcd_Out(1,1,msj05);
0x0343	0x3001      	MOVLW      1
0x0344	0x1683      	BSF        STATUS, 5
0x0345	0x00C7      	MOVWF      FARG_Lcd_Out_row
0x0346	0x3001      	MOVLW      1
0x0347	0x00C8      	MOVWF      FARG_Lcd_Out_column
0x0348	0x30A8      	MOVLW      _msj05
0x0349	0x00C9      	MOVWF      FARG_Lcd_Out_text
0x034A	0x2257      	CALL       _Lcd_Out
;MyProjectkapii.c,80 :: 		i = 0;
0x034B	0x01A0      	CLRF       _i
0x034C	0x01A1      	CLRF       _i+1
;MyProjectkapii.c,81 :: 		code_enter(1);
0x034D	0x3001      	MOVLW      1
0x034E	0x1683      	BSF        STATUS, 5
0x034F	0x00C7      	MOVWF      FARG_code_enter_kon
0x0350	0x3000      	MOVLW      0
0x0351	0x00C8      	MOVWF      FARG_code_enter_kon+1
0x0352	0x2182      	CALL       _code_enter
;MyProjectkapii.c,82 :: 		code_enter(1);
0x0353	0x3001      	MOVLW      1
0x0354	0x1683      	BSF        STATUS, 5
0x0355	0x00C7      	MOVWF      FARG_code_enter_kon
0x0356	0x3000      	MOVLW      0
0x0357	0x00C8      	MOVWF      FARG_code_enter_kon+1
0x0358	0x2182      	CALL       _code_enter
;MyProjectkapii.c,83 :: 		code_enter(1);
0x0359	0x3001      	MOVLW      1
0x035A	0x1683      	BSF        STATUS, 5
0x035B	0x00C7      	MOVWF      FARG_code_enter_kon
0x035C	0x3000      	MOVLW      0
0x035D	0x00C8      	MOVWF      FARG_code_enter_kon+1
0x035E	0x2182      	CALL       _code_enter
;MyProjectkapii.c,84 :: 		code_enter(1);
0x035F	0x3001      	MOVLW      1
0x0360	0x1683      	BSF        STATUS, 5
0x0361	0x00C7      	MOVWF      FARG_code_enter_kon
0x0362	0x3000      	MOVLW      0
0x0363	0x00C8      	MOVWF      FARG_code_enter_kon+1
0x0364	0x2182      	CALL       _code_enter
;MyProjectkapii.c,85 :: 		code_write();
0x0365	0x2215      	CALL       _code_write
;MyProjectkapii.c,86 :: 		delay_ms(20);
0x0366	0x3034      	MOVLW      52
0x0367	0x00FC      	MOVWF      R12
0x0368	0x30F1      	MOVLW      241
0x0369	0x00FD      	MOVWF      R13
L_change_code27:
0x036A	0x0BFD      	DECFSZ     R13, 1
0x036B	0x2B6A      	GOTO       L_change_code27
0x036C	0x0BFC      	DECFSZ     R12, 1
0x036D	0x2B6A      	GOTO       L_change_code27
0x036E	0x0000      	NOP
0x036F	0x0000      	NOP
;MyProjectkapii.c,87 :: 		code_read();
0x0370	0x2131      	CALL       _code_read
;MyProjectkapii.c,88 :: 		delay_ms(20);
0x0371	0x3034      	MOVLW      52
0x0372	0x00FC      	MOVWF      R12
0x0373	0x30F1      	MOVLW      241
0x0374	0x00FD      	MOVWF      R13
L_change_code28:
0x0375	0x0BFD      	DECFSZ     R13, 1
0x0376	0x2B75      	GOTO       L_change_code28
0x0377	0x0BFC      	DECFSZ     R12, 1
0x0378	0x2B75      	GOTO       L_change_code28
0x0379	0x0000      	NOP
0x037A	0x0000      	NOP
;MyProjectkapii.c,89 :: 		Lcd_Cmd(_LCD_CLEAR);
0x037B	0x3001      	MOVLW      1
0x037C	0x00CE      	MOVWF      FARG_Lcd_Cmd_out_char
0x037D	0x2022      	CALL       _Lcd_Cmd
;MyProjectkapii.c,90 :: 		Lcd_Out(1,1,msj05);
0x037E	0x3001      	MOVLW      1
0x037F	0x1683      	BSF        STATUS, 5
0x0380	0x00C7      	MOVWF      FARG_Lcd_Out_row
0x0381	0x3001      	MOVLW      1
0x0382	0x00C8      	MOVWF      FARG_Lcd_Out_column
0x0383	0x30A8      	MOVLW      _msj05
0x0384	0x00C9      	MOVWF      FARG_Lcd_Out_text
0x0385	0x2257      	CALL       _Lcd_Out
;MyProjectkapii.c,91 :: 		Lcd_Out(2,1, "KURULDU");
0x0386	0x3002      	MOVLW      2
0x0387	0x1683      	BSF        STATUS, 5
0x0388	0x00C7      	MOVWF      FARG_Lcd_Out_row
0x0389	0x3001      	MOVLW      1
0x038A	0x00C8      	MOVWF      FARG_Lcd_Out_column
0x038B	0x30A0      	MOVLW      ?lstr1_MyProjectkapii
0x038C	0x00C9      	MOVWF      FARG_Lcd_Out_text
0x038D	0x2257      	CALL       _Lcd_Out
;MyProjectkapii.c,92 :: 		Delay_ms(5000);
0x038E	0x3033      	MOVLW      51
0x038F	0x00FB      	MOVWF      R11
0x0390	0x30BB      	MOVLW      187
0x0391	0x00FC      	MOVWF      R12
0x0392	0x30DF      	MOVLW      223
0x0393	0x00FD      	MOVWF      R13
L_change_code29:
0x0394	0x0BFD      	DECFSZ     R13, 1
0x0395	0x2B94      	GOTO       L_change_code29
0x0396	0x0BFC      	DECFSZ     R12, 1
0x0397	0x2B94      	GOTO       L_change_code29
0x0398	0x0BFB      	DECFSZ     R11, 1
0x0399	0x2B94      	GOTO       L_change_code29
0x039A	0x0000      	NOP
0x039B	0x0000      	NOP
;MyProjectkapii.c,93 :: 		}
L_end_change_code:
0x039C	0x0008      	RETURN
; end of _change_code
___CC2DW:
;__Lib_System.c,134 :: 		
;__Lib_System.c,137 :: 		
_CC2D_Loop1:
;__Lib_System.c,139 :: 		
0x039D	0x22E8      	CALL       _____DoICP
0x039E	0x118A      	BCF        PCLATH, 3
0x039F	0x120A      	BCF        PCLATH, 4
;__Lib_System.c,141 :: 		
0x03A0	0x0080      	MOVWF      INDF
;__Lib_System.c,142 :: 		
0x03A1	0x0A84      	INCF       FSR, 1
;__Lib_System.c,143 :: 		
0x03A2	0x0AEB      	INCF       ___DoICPAddr, 1
;__Lib_System.c,145 :: 		
0x03A3	0x1903      	BTFSC      STATUS, 2
;__Lib_System.c,146 :: 		
0x03A4	0x0AEC      	INCF       ___DoICPAddr+1, 1
;__Lib_System.c,147 :: 		
0x03A5	0x03F0      	DECF       R0, 1
;__Lib_System.c,149 :: 		
0x03A6	0x1D03      	BTFSS      STATUS, 2
;__Lib_System.c,150 :: 		
0x03A7	0x2B9D      	GOTO       _CC2D_Loop1
;__Lib_System.c,152 :: 		
L_end___CC2DW:
0x03A8	0x0008      	RETURN
; end of ___CC2DW
_main:
0x03A9	0x24F8      	CALL       1272
;MyProjectkapii.c,119 :: 		void main(){
;MyProjectkapii.c,120 :: 		ayarlar();
0x03AA	0x22F9      	CALL       _ayarlar
;MyProjectkapii.c,121 :: 		code_read();
0x03AB	0x2131      	CALL       _code_read
;MyProjectkapii.c,122 :: 		L1:
___main_L1:
;MyProjectkapii.c,123 :: 		cnt = 0;
0x03AC	0x1283      	BCF        STATUS, 5
0x03AD	0x01ED      	CLRF       _cnt
0x03AE	0x01EE      	CLRF       _cnt+1
;MyProjectkapii.c,125 :: 		do{
L_main34:
;MyProjectkapii.c,126 :: 		Lcd_Cmd(_LCD_CLEAR);
0x03AF	0x3001      	MOVLW      1
0x03B0	0x1683      	BSF        STATUS, 5
0x03B1	0x00CE      	MOVWF      FARG_Lcd_Cmd_out_char
0x03B2	0x2022      	CALL       _Lcd_Cmd
;MyProjectkapii.c,127 :: 		Lcd_Out(1,1,msj01);
0x03B3	0x3001      	MOVLW      1
0x03B4	0x1683      	BSF        STATUS, 5
0x03B5	0x00C7      	MOVWF      FARG_Lcd_Out_row
0x03B6	0x3001      	MOVLW      1
0x03B7	0x00C8      	MOVWF      FARG_Lcd_Out_column
0x03B8	0x303A      	MOVLW      _msj01
0x03B9	0x00C9      	MOVWF      FARG_Lcd_Out_text
0x03BA	0x2257      	CALL       _Lcd_Out
;MyProjectkapii.c,128 :: 		Lcd_Out(2,3,"*'a BASIN");
0x03BB	0x3002      	MOVLW      2
0x03BC	0x1683      	BSF        STATUS, 5
0x03BD	0x00C7      	MOVWF      FARG_Lcd_Out_row
0x03BE	0x3003      	MOVLW      3
0x03BF	0x00C8      	MOVWF      FARG_Lcd_Out_column
0x03C0	0x3022      	MOVLW      ?lstr2_MyProjectkapii
0x03C1	0x00C9      	MOVWF      FARG_Lcd_Out_text
0x03C2	0x2257      	CALL       _Lcd_Out
;MyProjectkapii.c,129 :: 		i = 0;
0x03C3	0x01A0      	CLRF       _i
0x03C4	0x01A1      	CLRF       _i+1
;MyProjectkapii.c,130 :: 		code_enter(1);
0x03C5	0x3001      	MOVLW      1
0x03C6	0x1683      	BSF        STATUS, 5
0x03C7	0x00C7      	MOVWF      FARG_code_enter_kon
0x03C8	0x3000      	MOVLW      0
0x03C9	0x00C8      	MOVWF      FARG_code_enter_kon+1
0x03CA	0x2182      	CALL       _code_enter
;MyProjectkapii.c,131 :: 		if(code1[0] == 42){ // *
0x03CB	0x1683      	BSF        STATUS, 5
0x03CC	0x0838      	MOVF       _code1, 0
0x03CD	0x3A2A      	XORLW      42
0x03CE	0x1D03      	BTFSS      STATUS, 2
0x03CF	0x2C92      	GOTO       L_main37
;MyProjectkapii.c,132 :: 		Lcd_Cmd(_LCD_CLEAR);
0x03D0	0x3001      	MOVLW      1
0x03D1	0x00CE      	MOVWF      FARG_Lcd_Cmd_out_char
0x03D2	0x2022      	CALL       _Lcd_Cmd
;MyProjectkapii.c,133 :: 		Lcd_Out(1, 1, "SIFREYI GIRIN");
0x03D3	0x3001      	MOVLW      1
0x03D4	0x1683      	BSF        STATUS, 5
0x03D5	0x00C7      	MOVWF      FARG_Lcd_Out_row
0x03D6	0x3001      	MOVLW      1
0x03D7	0x00C8      	MOVWF      FARG_Lcd_Out_column
0x03D8	0x302C      	MOVLW      ?lstr3_MyProjectkapii
0x03D9	0x00C9      	MOVWF      FARG_Lcd_Out_text
0x03DA	0x2257      	CALL       _Lcd_Out
;MyProjectkapii.c,134 :: 		i = 0;
0x03DB	0x01A0      	CLRF       _i
0x03DC	0x01A1      	CLRF       _i+1
;MyProjectkapii.c,135 :: 		code_enter(0);
0x03DD	0x1683      	BSF        STATUS, 5
0x03DE	0x01C7      	CLRF       FARG_code_enter_kon
0x03DF	0x01C8      	CLRF       FARG_code_enter_kon+1
0x03E0	0x2182      	CALL       _code_enter
;MyProjectkapii.c,136 :: 		code_enter(0);
0x03E1	0x1683      	BSF        STATUS, 5
0x03E2	0x01C7      	CLRF       FARG_code_enter_kon
0x03E3	0x01C8      	CLRF       FARG_code_enter_kon+1
0x03E4	0x2182      	CALL       _code_enter
;MyProjectkapii.c,137 :: 		code_enter(0);
0x03E5	0x1683      	BSF        STATUS, 5
0x03E6	0x01C7      	CLRF       FARG_code_enter_kon
0x03E7	0x01C8      	CLRF       FARG_code_enter_kon+1
0x03E8	0x2182      	CALL       _code_enter
;MyProjectkapii.c,138 :: 		code_enter(0);
0x03E9	0x1683      	BSF        STATUS, 5
0x03EA	0x01C7      	CLRF       FARG_code_enter_kon
0x03EB	0x01C8      	CLRF       FARG_code_enter_kon+1
0x03EC	0x2182      	CALL       _code_enter
;MyProjectkapii.c,139 :: 		code_enter(0);
0x03ED	0x1683      	BSF        STATUS, 5
0x03EE	0x01C7      	CLRF       FARG_code_enter_kon
0x03EF	0x01C8      	CLRF       FARG_code_enter_kon+1
0x03F0	0x2182      	CALL       _code_enter
;MyProjectkapii.c,140 :: 		if(code1[0] == '1' && code1[1] == '2' && code1[2] == '3'
0x03F1	0x1683      	BSF        STATUS, 5
0x03F2	0x0838      	MOVF       _code1, 0
0x03F3	0x3A31      	XORLW      49
0x03F4	0x1D03      	BTFSS      STATUS, 2
0x03F5	0x2C10      	GOTO       L_main40
0x03F6	0x0839      	MOVF       _code1+1, 0
0x03F7	0x3A32      	XORLW      50
0x03F8	0x1D03      	BTFSS      STATUS, 2
0x03F9	0x2C10      	GOTO       L_main40
0x03FA	0x083A      	MOVF       _code1+2, 0
0x03FB	0x3A33      	XORLW      51
0x03FC	0x1D03      	BTFSS      STATUS, 2
0x03FD	0x2C10      	GOTO       L_main40
;MyProjectkapii.c,141 :: 		&& code1[3] == '4' && code1[4] == '5' ){ // master kod
0x03FE	0x083B      	MOVF       _code1+3, 0
0x03FF	0x3A34      	XORLW      52
0x0400	0x1D03      	BTFSS      STATUS, 2
0x0401	0x2C10      	GOTO       L_main40
0x0402	0x083C      	MOVF       _code1+4, 0
0x0403	0x3A35      	XORLW      53
0x0404	0x1D03      	BTFSS      STATUS, 2
0x0405	0x2C10      	GOTO       L_main40
L__main52:
;MyProjectkapii.c,142 :: 		code_enter(0);
0x0406	0x01C7      	CLRF       FARG_code_enter_kon
0x0407	0x01C8      	CLRF       FARG_code_enter_kon+1
0x0408	0x2182      	CALL       _code_enter
;MyProjectkapii.c,143 :: 		if(code1[5] == 35){ // #
0x0409	0x1683      	BSF        STATUS, 5
0x040A	0x083D      	MOVF       _code1+5, 0
0x040B	0x3A23      	XORLW      35
0x040C	0x1D03      	BTFSS      STATUS, 2
0x040D	0x2C0F      	GOTO       L_main41
;MyProjectkapii.c,144 :: 		change_code();
0x040E	0x233E      	CALL       _change_code
;MyProjectkapii.c,145 :: 		}
L_main41:
;MyProjectkapii.c,146 :: 		}
0x040F	0x2C85      	GOTO       L_main42
L_main40:
0x0410	0x1283      	BCF        STATUS, 5
;MyProjectkapii.c,147 :: 		else if(cnt<3 && code1[0] == user1[0] && code1[1] ==
0x0411	0x3080      	MOVLW      128
0x0412	0x066E      	XORWF      _cnt+1, 0
0x0413	0x00F0      	MOVWF      R0
0x0414	0x3080      	MOVLW      128
0x0415	0x0270      	SUBWF      R0, 0
0x0416	0x1D03      	BTFSS      STATUS, 2
0x0417	0x2C1A      	GOTO       L__main62
0x0418	0x3003      	MOVLW      3
0x0419	0x026D      	SUBWF      _cnt, 0
L__main62:
0x041A	0x1803      	BTFSC      STATUS, 0
0x041B	0x2C68      	GOTO       L_main45
0x041C	0x1683      	BSF        STATUS, 5
0x041D	0x0838      	MOVF       _code1, 0
0x041E	0x0633      	XORWF      _user1, 0
0x041F	0x1D03      	BTFSS      STATUS, 2
0x0420	0x2C68      	GOTO       L_main45
;MyProjectkapii.c,148 :: 		user1[1] && code1[2] == user1[2] && code1[3] == user1[3] &&
0x0421	0x0839      	MOVF       _code1+1, 0
0x0422	0x0634      	XORWF      _user1+1, 0
0x0423	0x1D03      	BTFSS      STATUS, 2
0x0424	0x2C68      	GOTO       L_main45
0x0425	0x083A      	MOVF       _code1+2, 0
0x0426	0x0635      	XORWF      _user1+2, 0
0x0427	0x1D03      	BTFSS      STATUS, 2
0x0428	0x2C68      	GOTO       L_main45
0x0429	0x083B      	MOVF       _code1+3, 0
0x042A	0x0636      	XORWF      _user1+3, 0
0x042B	0x1D03      	BTFSS      STATUS, 2
0x042C	0x2C68      	GOTO       L_main45
;MyProjectkapii.c,149 :: 		code1[4] == 35){
0x042D	0x083C      	MOVF       _code1+4, 0
0x042E	0x3A23      	XORLW      35
0x042F	0x1D03      	BTFSS      STATUS, 2
0x0430	0x2C68      	GOTO       L_main45
L__main51:
;MyProjectkapii.c,151 :: 		Lcd_Cmd(_LCD_CLEAR);
0x0431	0x3001      	MOVLW      1
0x0432	0x00CE      	MOVWF      FARG_Lcd_Cmd_out_char
0x0433	0x2022      	CALL       _Lcd_Cmd
;MyProjectkapii.c,152 :: 		Lcd_out(1,4,msj02); //Kapý açýk
0x0434	0x3001      	MOVLW      1
0x0435	0x1683      	BSF        STATUS, 5
0x0436	0x00C7      	MOVWF      FARG_Lcd_Out_row
0x0437	0x3004      	MOVLW      4
0x0438	0x00C8      	MOVWF      FARG_Lcd_Out_column
0x0439	0x3055      	MOVLW      _msj02
0x043A	0x00C9      	MOVWF      FARG_Lcd_Out_text
0x043B	0x2257      	CALL       _Lcd_Out
;MyProjectkapii.c,153 :: 		LED=1;
0x043C	0x1485      	BSF        PORTA, 1
;MyProjectkapii.c,154 :: 		KAPI=1;
0x043D	0x1505      	BSF        PORTA, 2
;MyProjectkapii.c,155 :: 		Delay_ms(5000);
0x043E	0x3033      	MOVLW      51
0x043F	0x00FB      	MOVWF      R11
0x0440	0x30BB      	MOVLW      187
0x0441	0x00FC      	MOVWF      R12
0x0442	0x30DF      	MOVLW      223
0x0443	0x00FD      	MOVWF      R13
L_main46:
0x0444	0x0BFD      	DECFSZ     R13, 1
0x0445	0x2C44      	GOTO       L_main46
0x0446	0x0BFC      	DECFSZ     R12, 1
0x0447	0x2C44      	GOTO       L_main46
0x0448	0x0BFB      	DECFSZ     R11, 1
0x0449	0x2C44      	GOTO       L_main46
0x044A	0x0000      	NOP
0x044B	0x0000      	NOP
;MyProjectkapii.c,156 :: 		LCD_Cmd(_LCD_CLEAR);
0x044C	0x3001      	MOVLW      1
0x044D	0x1683      	BSF        STATUS, 5
0x044E	0x00CE      	MOVWF      FARG_Lcd_Cmd_out_char
0x044F	0x2022      	CALL       _Lcd_Cmd
;MyProjectkapii.c,157 :: 		Lcd_out(1,4,msj03); //Kapý kapalý
0x0450	0x3001      	MOVLW      1
0x0451	0x1683      	BSF        STATUS, 5
0x0452	0x00C7      	MOVWF      FARG_Lcd_Out_row
0x0453	0x3004      	MOVLW      4
0x0454	0x00C8      	MOVWF      FARG_Lcd_Out_column
0x0455	0x305F      	MOVLW      _msj03
0x0456	0x00C9      	MOVWF      FARG_Lcd_Out_text
0x0457	0x2257      	CALL       _Lcd_Out
;MyProjectkapii.c,158 :: 		LED=0;
0x0458	0x1085      	BCF        PORTA, 1
;MyProjectkapii.c,159 :: 		KAPI=0;
0x0459	0x1105      	BCF        PORTA, 2
;MyProjectkapii.c,160 :: 		Delay_ms(2000);
0x045A	0x3015      	MOVLW      21
0x045B	0x00FB      	MOVWF      R11
0x045C	0x304B      	MOVLW      75
0x045D	0x00FC      	MOVWF      R12
0x045E	0x30BE      	MOVLW      190
0x045F	0x00FD      	MOVWF      R13
L_main47:
0x0460	0x0BFD      	DECFSZ     R13, 1
0x0461	0x2C60      	GOTO       L_main47
0x0462	0x0BFC      	DECFSZ     R12, 1
0x0463	0x2C60      	GOTO       L_main47
0x0464	0x0BFB      	DECFSZ     R11, 1
0x0465	0x2C60      	GOTO       L_main47
0x0466	0x0000      	NOP
;MyProjectkapii.c,161 :: 		}
0x0467	0x2C85      	GOTO       L_main48
L_main45:
0x0468	0x1283      	BCF        STATUS, 5
;MyProjectkapii.c,163 :: 		cnt++;
0x0469	0x0AED      	INCF       _cnt, 1
0x046A	0x1903      	BTFSC      STATUS, 2
0x046B	0x0AEE      	INCF       _cnt+1, 1
;MyProjectkapii.c,164 :: 		Lcd_Cmd(_LCD_CLEAR);
0x046C	0x3001      	MOVLW      1
0x046D	0x1683      	BSF        STATUS, 5
0x046E	0x00CE      	MOVWF      FARG_Lcd_Cmd_out_char
0x046F	0x2022      	CALL       _Lcd_Cmd
;MyProjectkapii.c,165 :: 		Lcd_Out(1,1,msj04);
0x0470	0x3001      	MOVLW      1
0x0471	0x1683      	BSF        STATUS, 5
0x0472	0x00C7      	MOVWF      FARG_Lcd_Out_row
0x0473	0x3001      	MOVLW      1
0x0474	0x00C8      	MOVWF      FARG_Lcd_Out_column
0x0475	0x3048      	MOVLW      _msj04
0x0476	0x00C9      	MOVWF      FARG_Lcd_Out_text
0x0477	0x2257      	CALL       _Lcd_Out
;MyProjectkapii.c,166 :: 		Delay_ms(2000);
0x0478	0x3015      	MOVLW      21
0x0479	0x00FB      	MOVWF      R11
0x047A	0x304B      	MOVLW      75
0x047B	0x00FC      	MOVWF      R12
0x047C	0x30BE      	MOVLW      190
0x047D	0x00FD      	MOVWF      R13
L_main49:
0x047E	0x0BFD      	DECFSZ     R13, 1
0x047F	0x2C7E      	GOTO       L_main49
0x0480	0x0BFC      	DECFSZ     R12, 1
0x0481	0x2C7E      	GOTO       L_main49
0x0482	0x0BFB      	DECFSZ     R11, 1
0x0483	0x2C7E      	GOTO       L_main49
0x0484	0x0000      	NOP
;MyProjectkapii.c,167 :: 		}
L_main48:
L_main42:
0x0485	0x1283      	BCF        STATUS, 5
;MyProjectkapii.c,168 :: 		if(cnt>=3)
0x0486	0x3080      	MOVLW      128
0x0487	0x066E      	XORWF      _cnt+1, 0
0x0488	0x00F0      	MOVWF      R0
0x0489	0x3080      	MOVLW      128
0x048A	0x0270      	SUBWF      R0, 0
0x048B	0x1D03      	BTFSS      STATUS, 2
0x048C	0x2C8F      	GOTO       L__main63
0x048D	0x3003      	MOVLW      3
0x048E	0x026D      	SUBWF      _cnt, 0
L__main63:
0x048F	0x1C03      	BTFSS      STATUS, 0
0x0490	0x2C92      	GOTO       L_main50
;MyProjectkapii.c,169 :: 		goto L1;
0x0491	0x2BAC      	GOTO       ___main_L1
L_main50:
;MyProjectkapii.c,170 :: 		}
L_main37:
;MyProjectkapii.c,171 :: 		}while(1);
0x0492	0x2BAF      	GOTO       L_main34
;MyProjectkapii.c,172 :: 		}
L_end_main:
0x0493	0x2C93      	GOTO       $+0
; end of _main
0x04F8	0x3020      	MOVLW      32
0x04F9	0x0084      	MOVWF      FSR
0x04FA	0x304B      	MOVLW      75
0x04FB	0x1283      	BCF        STATUS, 5
0x04FC	0x1303      	BCF        STATUS, 6
0x04FD	0x00F0      	MOVWF      R0
0x04FE	0x3099      	MOVLW      153
0x04FF	0x00EB      	MOVWF      ___DoICPAddr
0x0500	0x3004      	MOVLW      4
0x0501	0x00EC      	MOVWF      108
0x0502	0x239D      	CALL       925
0x0503	0x30A0      	MOVLW      160
0x0504	0x0084      	MOVWF      FSR
0x0505	0x3013      	MOVLW      19
0x0506	0x1283      	BCF        STATUS, 5
0x0507	0x00F0      	MOVWF      R0
0x0508	0x30E4      	MOVLW      228
0x0509	0x00EB      	MOVWF      ___DoICPAddr
0x050A	0x3004      	MOVLW      4
0x050B	0x00EC      	MOVWF      108
0x050C	0x239D      	CALL       925
0x050D	0x0008      	RETURN
;MyProjectkapii.c,0 :: ?ICS_i
0x0499	0x3400 ;?ICS_i+0
0x049A	0x3400 ;?ICS_i+1
; end of ?ICS_i
;MyProjectkapii.c,0 :: ?ICS?lstr2_MyProjectkapii
0x049B	0x342A ;?ICS?lstr2_MyProjectkapii+0
0x049C	0x3427 ;?ICS?lstr2_MyProjectkapii+1
0x049D	0x3461 ;?ICS?lstr2_MyProjectkapii+2
0x049E	0x3420 ;?ICS?lstr2_MyProjectkapii+3
0x049F	0x3442 ;?ICS?lstr2_MyProjectkapii+4
0x04A0	0x3441 ;?ICS?lstr2_MyProjectkapii+5
0x04A1	0x3453 ;?ICS?lstr2_MyProjectkapii+6
0x04A2	0x3449 ;?ICS?lstr2_MyProjectkapii+7
0x04A3	0x344E ;?ICS?lstr2_MyProjectkapii+8
0x04A4	0x3400 ;?ICS?lstr2_MyProjectkapii+9
; end of ?ICS?lstr2_MyProjectkapii
;MyProjectkapii.c,0 :: ?ICS?lstr3_MyProjectkapii
0x04A5	0x3453 ;?ICS?lstr3_MyProjectkapii+0
0x04A6	0x3449 ;?ICS?lstr3_MyProjectkapii+1
0x04A7	0x3446 ;?ICS?lstr3_MyProjectkapii+2
0x04A8	0x3452 ;?ICS?lstr3_MyProjectkapii+3
0x04A9	0x3445 ;?ICS?lstr3_MyProjectkapii+4
0x04AA	0x3459 ;?ICS?lstr3_MyProjectkapii+5
0x04AB	0x3449 ;?ICS?lstr3_MyProjectkapii+6
0x04AC	0x3420 ;?ICS?lstr3_MyProjectkapii+7
0x04AD	0x3447 ;?ICS?lstr3_MyProjectkapii+8
0x04AE	0x3449 ;?ICS?lstr3_MyProjectkapii+9
0x04AF	0x3452 ;?ICS?lstr3_MyProjectkapii+10
0x04B0	0x3449 ;?ICS?lstr3_MyProjectkapii+11
0x04B1	0x344E ;?ICS?lstr3_MyProjectkapii+12
0x04B2	0x3400 ;?ICS?lstr3_MyProjectkapii+13
; end of ?ICS?lstr3_MyProjectkapii
;MyProjectkapii.c,0 :: ?ICS_msj01
0x04B3	0x3453 ;?ICS_msj01+0
0x04B4	0x3449 ;?ICS_msj01+1
0x04B5	0x3446 ;?ICS_msj01+2
0x04B6	0x3452 ;?ICS_msj01+3
0x04B7	0x3445 ;?ICS_msj01+4
0x04B8	0x344C ;?ICS_msj01+5
0x04B9	0x3449 ;?ICS_msj01+6
0x04BA	0x3420 ;?ICS_msj01+7
0x04BB	0x344B ;?ICS_msj01+8
0x04BC	0x3449 ;?ICS_msj01+9
0x04BD	0x344C ;?ICS_msj01+10
0x04BE	0x3449 ;?ICS_msj01+11
0x04BF	0x3454 ;?ICS_msj01+12
0x04C0	0x3400 ;?ICS_msj01+13
; end of ?ICS_msj01
;MyProjectkapii.c,0 :: ?ICS_msj04
0x04C1	0x3459 ;?ICS_msj04+0
0x04C2	0x3441 ;?ICS_msj04+1
0x04C3	0x344E ;?ICS_msj04+2
0x04C4	0x344C ;?ICS_msj04+3
0x04C5	0x3449 ;?ICS_msj04+4
0x04C6	0x3453 ;?ICS_msj04+5
0x04C7	0x3420 ;?ICS_msj04+6
0x04C8	0x3453 ;?ICS_msj04+7
0x04C9	0x3449 ;?ICS_msj04+8
0x04CA	0x3446 ;?ICS_msj04+9
0x04CB	0x3452 ;?ICS_msj04+10
0x04CC	0x3445 ;?ICS_msj04+11
0x04CD	0x3400 ;?ICS_msj04+12
; end of ?ICS_msj04
;MyProjectkapii.c,0 :: ?ICS_msj02
0x04CE	0x344B ;?ICS_msj02+0
0x04CF	0x3441 ;?ICS_msj02+1
0x04D0	0x3450 ;?ICS_msj02+2
0x04D1	0x3449 ;?ICS_msj02+3
0x04D2	0x3420 ;?ICS_msj02+4
0x04D3	0x3441 ;?ICS_msj02+5
0x04D4	0x3443 ;?ICS_msj02+6
0x04D5	0x3449 ;?ICS_msj02+7
0x04D6	0x344B ;?ICS_msj02+8
0x04D7	0x3400 ;?ICS_msj02+9
; end of ?ICS_msj02
;MyProjectkapii.c,0 :: ?ICS_msj03
0x04D8	0x344B ;?ICS_msj03+0
0x04D9	0x3441 ;?ICS_msj03+1
0x04DA	0x3450 ;?ICS_msj03+2
0x04DB	0x3449 ;?ICS_msj03+3
0x04DC	0x3420 ;?ICS_msj03+4
0x04DD	0x344B ;?ICS_msj03+5
0x04DE	0x3441 ;?ICS_msj03+6
0x04DF	0x3450 ;?ICS_msj03+7
0x04E0	0x3441 ;?ICS_msj03+8
0x04E1	0x344C ;?ICS_msj03+9
0x04E2	0x3449 ;?ICS_msj03+10
0x04E3	0x3400 ;?ICS_msj03+11
; end of ?ICS_msj03
;MyProjectkapii.c,0 :: ?ICS?lstr1_MyProjectkapii
0x04E4	0x344B ;?ICS?lstr1_MyProjectkapii+0
0x04E5	0x3455 ;?ICS?lstr1_MyProjectkapii+1
0x04E6	0x3452 ;?ICS?lstr1_MyProjectkapii+2
0x04E7	0x3455 ;?ICS?lstr1_MyProjectkapii+3
0x04E8	0x344C ;?ICS?lstr1_MyProjectkapii+4
0x04E9	0x3444 ;?ICS?lstr1_MyProjectkapii+5
0x04EA	0x3455 ;?ICS?lstr1_MyProjectkapii+6
0x04EB	0x3400 ;?ICS?lstr1_MyProjectkapii+7
; end of ?ICS?lstr1_MyProjectkapii
;MyProjectkapii.c,0 :: ?ICS_msj05
0x04EC	0x3459 ;?ICS_msj05+0
0x04ED	0x3445 ;?ICS_msj05+1
0x04EE	0x344E ;?ICS_msj05+2
0x04EF	0x3449 ;?ICS_msj05+3
0x04F0	0x3420 ;?ICS_msj05+4
0x04F1	0x3453 ;?ICS_msj05+5
0x04F2	0x3449 ;?ICS_msj05+6
0x04F3	0x3446 ;?ICS_msj05+7
0x04F4	0x3452 ;?ICS_msj05+8
0x04F5	0x3445 ;?ICS_msj05+9
0x04F6	0x3400 ;?ICS_msj05+10
; end of ?ICS_msj05
Symbol List:
//** Routines locations **
//ADDRESS    SIZE    PROCEDURE
//----------------------------------------------
0x0003       [3]    _Delay_1us
0x0006      [13]    _Delay_5500us
0x0013       [7]    _Delay_50us
0x001A       [8]    _Delay_10us
0x0022      [87]    _Lcd_Cmd
0x0079      [56]    _Keypad_Key_Press
0x00B1      [56]    _Lcd_Chr
0x00E9      [15]    _Keypad_Key_Click
0x00F8       [9]    _Lcd_Chr_CP
0x0101      [35]    _EEPROM_Write
0x0124      [13]    _EEPROM_Read
0x0131      [81]    _code_read
0x0182     [147]    _code_enter
0x0215      [66]    _code_write
0x0257      [67]    _Lcd_Out
0x029A      [78]    _Lcd_Init
0x02E8       [7]    _____DoICP
0x02EF      [10]    _Keypad_Init
0x02F9      [69]    _ayarlar
0x033E      [95]    _change_code
0x039D      [12]    ___CC2DW
0x03A9     [234]    _main
//** Variables locations ** 
//ADDRESS    SIZE    VARIABLE
//----------------------------------------------
0x0000       [1]    INDF
0x0002       [1]    PCL
0x0003       [1]    STATUS
0x0004       [1]    FSR
0x0005       [1]    PORTA
0x0006       [1]    PORTB
0x0006       [1]    keypadPort
0x0007       [1]    PORTC
0x0008       [0]    LCD_D5
0x0008       [0]    LCD_D6
0x0008       [0]    LCD_D7
0x0008       [0]    LCD_RS
0x0008       [0]    LCD_EN
0x0008       [0]    LCD_D4
0x0008       [0]    RD5_bit
0x0008       [0]    RD4_bit
0x0008       [0]    RD3_bit
0x0008       [0]    RD7_bit
0x0008       [0]    RD6_bit
0x0008       [0]    RD2_bit
0x0009       [1]    PORTE
0x000A       [1]    PCLATH
0x000B       [1]    INTCON
0x001F       [1]    ADCON0
0x0020       [2]    _i
0x0022      [10]    ?lstr2_MyProjectkapii
0x002C      [14]    ?lstr3_MyProjectkapii
0x003A      [14]    _msj01
0x0048      [13]    _msj04
0x0055      [10]    _msj02
0x005F      [12]    _msj03
0x006B       [2]    ___DoICPAddr
0x006D       [2]    _cnt
0x006F       [0]    __Lib_Lcd_cmd_status
0x0070       [1]    R0
0x0071       [1]    R1
0x0072       [1]    R2
0x0073       [1]    R3
0x0074       [1]    R4
0x0075       [1]    R5
0x0076       [1]    R6
0x0077       [1]    R7
0x0078       [1]    R8
0x0079       [1]    R9
0x007A       [1]    R10
0x007B       [1]    R11
0x007C       [1]    R12
0x007D       [1]    R13
0x007E       [1]    R14
0x007F       [1]    R15
0x0081       [1]    OPTION_REG
0x0085       [1]    TRISA
0x0087       [1]    TRISC
0x0088       [0]    TRISD3_bit
0x0088       [0]    TRISD4_bit
0x0088       [0]    LCD_D4_Direction
0x0088       [0]    TRISD2_bit
0x0088       [0]    LCD_D6_Direction
0x0088       [0]    TRISD7_bit
0x0088       [0]    LCD_D7_Direction
0x0088       [0]    LCD_D5_Direction
0x0088       [0]    TRISD5_bit
0x0088       [0]    TRISD6_bit
0x0088       [0]    LCD_RS_Direction
0x0088       [0]    LCD_EN_Direction
0x0089       [1]    TRISE
0x00A0       [8]    ?lstr1_MyProjectkapii
0x00A8      [11]    _msj05
0x00B3       [4]    _user1
0x00B7       [1]    _tus
0x00B8      [15]    _code1
0x00C7       [1]    FARG_Lcd_Out_row
0x00C7       [2]    FARG_code_enter_kon
0x00C8       [1]    FARG_Lcd_Out_column
0x00C9       [1]    FARG_Lcd_Out_text
0x00CA       [1]    Lcd_Out_i_L0
0x00CB       [1]    FARG_EEPROM_Write_Address
0x00CB       [1]    Keypad_Key_Click_rslt_L0
0x00CB       [1]    FARG_EEPROM_Read_Address
0x00CB       [1]    FARG_Lcd_Chr_row
0x00CB       [1]    FARG_Lcd_Chr_CP_out_char
0x00CC       [1]    FARG_Lcd_Chr_column
0x00CC       [1]    FARG_EEPROM_Write_data_
0x00CD       [1]    FARG_Lcd_Chr_out_char
0x00CE       [1]    FARG_Lcd_Cmd_out_char
0x00CE       [1]    Keypad_Key_Press_rslt_L0
0x00CF       [1]    Keypad_Key_Press_kdata_L0
0x00D0       [1]    Keypad_Key_Press_loc_L0
0x00D1       [1]    Keypad_Key_Press_rowcnt_L0
0x00D2       [1]    Keypad_Key_Press_shifter_L0
0x0107       [1]    CM1CON0
0x0108       [1]    CM2CON0
0x010C       [1]    EEDATA
0x010D       [1]    EEADR
0x0188       [1]    ANSEL
0x0189       [1]    ANSELH
0x018C       [1]    EECON1
0x018D       [1]    EECON2
//** Constants locations ** 
//ADDRESS    SIZE    CONSTANT
//----------------------------------------------
0x0499       [2]    ?ICS_i
0x049B      [10]    ?ICS?lstr2_MyProjectkapii
0x04A5      [14]    ?ICS?lstr3_MyProjectkapii
0x04B3      [14]    ?ICS_msj01
0x04C1      [13]    ?ICS_msj04
0x04CE      [10]    ?ICS_msj02
0x04D8      [12]    ?ICS_msj03
0x04E4       [8]    ?ICS?lstr1_MyProjectkapii
0x04EC      [11]    ?ICS_msj05
